2019-05-25 17:16:25 INFO  Car - Speed:   0.0; Angle:   EAST; Position:   2,3; Parcels:      0; Health: 100.0; Health Usage: 100.0; Fuel: 250.0; Tile: START
2019-05-25 17:16:25 INFO  Car - Speed:   0.0; Angle:   EAST; Position:   2,3; Parcels:      0; Health: 100.0; Health Usage: 100.0; Fuel: 250.0; Tile: START
2019-05-25 17:16:26 INFO  Car - Speed:   0.0; Angle:   EAST; Position:   2,3; Parcels:      0; Health: 100.0; Health Usage: 100.0; Fuel: 250.0; Tile: START
2019-05-25 17:16:26 INFO  Car - Speed:   0.0; Angle:   EAST; Position:   2,3; Parcels:      0; Health: 100.0; Health Usage: 100.0; Fuel: 250.0; Tile: START
2019-05-25 17:16:26 INFO  Car - Speed:   0.0; Angle:   EAST; Position:   2,3; Parcels:      0; Health: 100.0; Health Usage: 100.0; Fuel: 250.0; Tile: START
2019-05-25 17:16:27 INFO  Car - Speed:   0.0; Angle:   EAST; Position:   2,3; Parcels:      0; Health: 100.0; Health Usage: 100.0; Fuel: 250.0; Tile: START
2019-05-25 17:16:27 INFO  Car - Speed:   0.0; Angle:   EAST; Position:   2,3; Parcels:      0; Health: 100.0; Health Usage: 100.0; Fuel: 250.0; Tile: START
2019-05-25 17:16:28 INFO  Car - Speed:   0.0; Angle:   EAST; Position:   2,3; Parcels:      0; Health: 100.0; Health Usage: 100.0; Fuel: 250.0; Tile: START
2019-05-25 17:16:28 INFO  Car - Speed:   0.0; Angle:   EAST; Position:   2,3; Parcels:      0; Health: 100.0; Health Usage: 100.0; Fuel: 250.0; Tile: START
2019-05-25 17:16:28 INFO  Car - Speed:   0.0; Angle:   EAST; Position:   2,3; Parcels:      0; Health: 100.0; Health Usage: 100.0; Fuel: 250.0; Tile: START
2019-05-25 17:16:28 INFO  Car - Speed:   0.0; Angle:   EAST; Position:   2,3; Parcels:      0; Health: 100.0; Health Usage: 100.0; Fuel: 250.0; Tile: START
2019-05-25 17:16:29 INFO  Car - Speed:   0.0; Angle:   EAST; Position:   2,3; Parcels:      0; Health: 100.0; Health Usage: 100.0; Fuel: 250.0; Tile: START
2019-05-25 17:16:29 INFO  Car - Speed:   0.0; Angle:   EAST; Position:   2,3; Parcels:      0; Health: 100.0; Health Usage: 100.0; Fuel: 250.0; Tile: START
2019-05-25 17:16:29 INFO  Car - Speed:   0.0; Angle:   EAST; Position:   2,3; Parcels:      0; Health: 100.0; Health Usage: 100.0; Fuel: 250.0; Tile: START
2019-05-25 17:16:29 INFO  Car - Speed:   0.0; Angle:   EAST; Position:   2,3; Parcels:      0; Health: 100.0; Health Usage: 100.0; Fuel: 250.0; Tile: START
2019-05-25 17:16:30 INFO  Car - Speed:   0.0; Angle:   EAST; Position:   2,3; Parcels:      0; Health: 100.0; Health Usage: 100.0; Fuel: 250.0; Tile: START
2019-05-25 17:16:30 INFO  Car - Speed:   0.0; Angle:   EAST; Position:   2,3; Parcels:      0; Health: 100.0; Health Usage: 100.0; Fuel: 250.0; Tile: START
2019-05-25 17:16:30 INFO  Car - Speed:   0.0; Angle:   EAST; Position:   2,3; Parcels:      0; Health: 100.0; Health Usage: 100.0; Fuel: 250.0; Tile: START
2019-05-25 17:16:30 INFO  Car - Speed:   0.0; Angle:   EAST; Position:   2,3; Parcels:      0; Health: 100.0; Health Usage: 100.0; Fuel: 250.0; Tile: START
2019-05-25 17:16:31 INFO  Car - Speed:   1.0; Angle:   EAST; Position:   3,3; Parcels:      0; Health: 100.0; Health Usage: 100.0; Fuel: 249.0; Tile: ROAD
2019-05-25 17:16:31 INFO  Car - Speed:   1.0; Angle:   EAST; Position:   4,3; Parcels:      0; Health: 100.0; Health Usage: 100.0; Fuel: 248.0; Tile: ROAD
2019-05-25 17:16:31 INFO  Car - Speed:   0.0; Angle:   EAST; Position:   4,3; Parcels:      0; Health: 100.0; Health Usage: 100.0; Fuel: 248.0; Tile: ROAD
2019-05-25 17:16:31 INFO  Car - Speed:   1.0; Angle:   EAST; Position:   3,3; Parcels:      0; Health: 100.0; Health Usage: 100.0; Fuel: 247.0; Tile: ROAD
2019-05-25 17:16:32 INFO  Car - Speed:   1.0; Angle:   EAST; Position:   2,3; Parcels:      0; Health: 100.0; Health Usage: 100.0; Fuel: 246.0; Tile: START
2019-05-25 17:16:32 INFO  Car - Speed:   1.0; Angle:   EAST; Position:   1,3; Parcels:      0; Health: 100.0; Health Usage: 100.0; Fuel: 245.0; Tile: ROAD
2019-05-25 17:16:32 INFO  Car - Speed:   0.0; Angle:   EAST; Position:   1,3; Parcels:      0; Health:  95.0; Health Usage: 100.0; Fuel: 244.0; Tile: ROAD
2019-05-25 17:16:32 INFO  Car - Speed:   0.0; Angle:   EAST; Position:   1,3; Parcels:      0; Health:  95.0; Health Usage: 100.0; Fuel: 244.0; Tile: ROAD
2019-05-25 17:16:33 INFO  Car - Speed:   1.0; Angle:   EAST; Position:   2,3; Parcels:      0; Health:  95.0; Health Usage: 100.0; Fuel: 243.0; Tile: START
2019-05-25 17:16:33 INFO  Car - Speed:   1.0; Angle:   EAST; Position:   3,3; Parcels:      0; Health:  95.0; Health Usage: 100.0; Fuel: 242.0; Tile: ROAD
2019-05-25 17:16:33 INFO  Car - Speed:   1.0; Angle:   EAST; Position:   4,3; Parcels:      0; Health:  95.0; Health Usage: 100.0; Fuel: 241.0; Tile: ROAD
2019-05-25 17:16:33 INFO  Car - Speed:   1.0; Angle:   EAST; Position:   5,3; Parcels:      0; Health:  95.0; Health Usage: 100.0; Fuel: 240.0; Tile: ROAD
2019-05-25 17:16:34 INFO  Car - Speed:   1.0; Angle:   EAST; Position:   6,3; Parcels:      0; Health:  95.0; Health Usage: 100.0; Fuel: 239.0; Tile: ROAD
2019-05-25 17:16:34 INFO  Car - Speed:   1.0; Angle:   EAST; Position:   7,3; Parcels:      0; Health:  95.0; Health Usage: 100.0; Fuel: 238.0; Tile: ROAD
2019-05-25 17:16:34 INFO  Car - Speed:   1.0; Angle:   EAST; Position:   8,3; Parcels:      0; Health:  95.0; Health Usage: 100.0; Fuel: 237.0; Tile: ROAD
2019-05-25 17:16:34 INFO  Car - Speed:   1.0; Angle:   EAST; Position:   9,3; Parcels:      0; Health:  95.0; Health Usage: 100.0; Fuel: 236.0; Tile: ROAD
2019-05-25 17:16:35 INFO  Car - Speed:   1.0; Angle:   EAST; Position:  10,3; Parcels:      0; Health:  95.0; Health Usage: 100.0; Fuel: 235.0; Tile: ROAD
2019-05-25 17:16:35 INFO  Car - Speed:   1.0; Angle:   EAST; Position:  11,3; Parcels:      0; Health:  95.0; Health Usage: 100.0; Fuel: 234.0; Tile: ROAD
2019-05-25 17:16:35 INFO  Car - Speed:   1.0; Angle:  NORTH; Position:  11,4; Parcels:      0; Health:  95.0; Health Usage: 100.0; Fuel: 233.0; Tile: ROAD
2019-05-25 17:16:35 INFO  Car - Speed:   1.0; Angle:  NORTH; Position:  11,5; Parcels:      0; Health:  95.0; Health Usage: 100.0; Fuel: 232.0; Tile: ROAD
2019-05-25 17:16:36 INFO  Car - Speed:   0.0; Angle:  NORTH; Position:  11,5; Parcels:      0; Health:  90.0; Health Usage: 100.0; Fuel: 231.0; Tile: ROAD
2019-05-25 17:16:36 INFO  Car - Speed:   0.0; Angle:  NORTH; Position:  11,5; Parcels:      0; Health:  90.0; Health Usage: 100.0; Fuel: 231.0; Tile: ROAD
2019-05-25 17:16:36 INFO  Car - Speed:   0.0; Angle:  NORTH; Position:  11,5; Parcels:      0; Health:  90.0; Health Usage: 100.0; Fuel: 231.0; Tile: ROAD
2019-05-25 17:16:36 INFO  Car - Speed:   0.0; Angle:  NORTH; Position:  11,5; Parcels:      0; Health:  90.0; Health Usage: 100.0; Fuel: 231.0; Tile: ROAD
2019-05-25 17:16:37 INFO  Car - Speed:   0.0; Angle:  NORTH; Position:  11,5; Parcels:      0; Health:  90.0; Health Usage: 100.0; Fuel: 231.0; Tile: ROAD
2019-05-25 17:16:37 INFO  Car - Speed:   0.0; Angle:  NORTH; Position:  11,5; Parcels:      0; Health:  90.0; Health Usage: 100.0; Fuel: 231.0; Tile: ROAD
2019-05-25 17:16:37 INFO  Car - Speed:   0.0; Angle:  NORTH; Position:  11,5; Parcels:      0; Health:  90.0; Health Usage: 100.0; Fuel: 231.0; Tile: ROAD
2019-05-25 17:16:37 INFO  Car - Speed:   0.0; Angle:  NORTH; Position:  11,5; Parcels:      0; Health:  90.0; Health Usage: 100.0; Fuel: 231.0; Tile: ROAD
2019-05-25 17:16:38 INFO  Car - Speed:   0.0; Angle:  NORTH; Position:  11,5; Parcels:      0; Health:  85.0; Health Usage: 100.0; Fuel: 230.0; Tile: ROAD
2019-05-25 17:16:38 INFO  Car - Speed:   0.0; Angle:  NORTH; Position:  11,5; Parcels:      0; Health:  85.0; Health Usage: 100.0; Fuel: 230.0; Tile: ROAD
2019-05-25 17:16:38 INFO  Car - Speed:   0.0; Angle:  NORTH; Position:  11,5; Parcels:      0; Health:  85.0; Health Usage: 100.0; Fuel: 230.0; Tile: ROAD
2019-05-25 17:16:38 INFO  Car - Speed:   0.0; Angle:  NORTH; Position:  11,5; Parcels:      0; Health:  85.0; Health Usage: 100.0; Fuel: 230.0; Tile: ROAD
2019-05-25 17:16:39 INFO  Car - Speed:   0.0; Angle:  NORTH; Position:  11,5; Parcels:      0; Health:  85.0; Health Usage: 100.0; Fuel: 230.0; Tile: ROAD
2019-05-25 17:16:39 INFO  Car - Speed:   0.0; Angle:  NORTH; Position:  11,5; Parcels:      0; Health:  85.0; Health Usage: 100.0; Fuel: 230.0; Tile: ROAD
2019-05-25 17:16:39 INFO  Car - Speed:   0.0; Angle:  NORTH; Position:  11,5; Parcels:      0; Health:  85.0; Health Usage: 100.0; Fuel: 230.0; Tile: ROAD
2019-05-25 17:16:39 INFO  Car - Speed:   0.0; Angle:  NORTH; Position:  11,5; Parcels:      0; Health:  85.0; Health Usage: 100.0; Fuel: 230.0; Tile: ROAD
2019-05-25 17:16:40 INFO  Car - Speed:   1.0; Angle:  NORTH; Position:  11,4; Parcels:      0; Health:  85.0; Health Usage: 100.0; Fuel: 229.0; Tile: ROAD
2019-05-25 17:16:40 INFO  Car - Speed:   1.0; Angle:  NORTH; Position:  11,3; Parcels:      0; Health:  85.0; Health Usage: 100.0; Fuel: 228.0; Tile: ROAD
2019-05-25 17:16:40 INFO  Car - Speed:   1.0; Angle:  NORTH; Position:  11,2; Parcels:      0; Health:  85.0; Health Usage: 100.0; Fuel: 227.0; Tile: ROAD
2019-05-25 17:16:40 INFO  Car - Speed:   0.0; Angle:  NORTH; Position:  11,2; Parcels:      0; Health:  80.0; Health Usage: 100.0; Fuel: 226.0; Tile: ROAD
2019-05-25 17:16:41 INFO  Car - Speed:   0.0; Angle:  NORTH; Position:  11,2; Parcels:      0; Health:  80.0; Health Usage: 100.0; Fuel: 226.0; Tile: ROAD
2019-05-25 17:16:41 INFO  Car - Speed:   0.0; Angle:  NORTH; Position:  11,2; Parcels:      0; Health:  80.0; Health Usage: 100.0; Fuel: 226.0; Tile: ROAD
2019-05-25 17:16:41 INFO  Car - Speed:   0.0; Angle:  NORTH; Position:  11,2; Parcels:      0; Health:  80.0; Health Usage: 100.0; Fuel: 226.0; Tile: ROAD
2019-05-25 17:16:41 INFO  Car - Speed:   0.0; Angle:  NORTH; Position:  11,2; Parcels:      0; Health:  80.0; Health Usage: 100.0; Fuel: 226.0; Tile: ROAD
2019-05-25 17:16:42 INFO  Car - Speed:   1.0; Angle:  NORTH; Position:  11,3; Parcels:      0; Health:  80.0; Health Usage: 100.0; Fuel: 225.0; Tile: ROAD
2019-05-25 17:16:42 INFO  Car - Speed:   1.0; Angle:  NORTH; Position:  11,4; Parcels:      0; Health:  80.0; Health Usage: 100.0; Fuel: 224.0; Tile: ROAD
2019-05-25 17:16:42 INFO  Car - Speed:   1.0; Angle:  NORTH; Position:  11,5; Parcels:      0; Health:  80.0; Health Usage: 100.0; Fuel: 223.0; Tile: ROAD
2019-05-25 17:16:42 INFO  Car - Speed:   1.0; Angle:   WEST; Position:  10,5; Parcels:      0; Health:  80.0; Health Usage: 100.0; Fuel: 222.0; Tile: ROAD
2019-05-25 17:16:43 INFO  Car - Speed:   1.0; Angle:   WEST; Position:   9,5; Parcels:      0; Health:  80.0; Health Usage: 100.0; Fuel: 221.0; Tile: ROAD
2019-05-25 17:16:43 INFO  Car - Speed:   1.0; Angle:   WEST; Position:   8,5; Parcels:      0; Health:  80.0; Health Usage: 100.0; Fuel: 220.0; Tile: ROAD
2019-05-25 17:16:43 INFO  Car - Speed:   1.0; Angle:   WEST; Position:   7,5; Parcels:      0; Health:  80.0; Health Usage: 100.0; Fuel: 219.0; Tile: ROAD
2019-05-25 17:16:43 INFO  Car - Speed:   1.0; Angle:   WEST; Position:   6,5; Parcels:      0; Health:  80.0; Health Usage: 100.0; Fuel: 218.0; Tile: ROAD
2019-05-25 17:16:44 INFO  Car - Speed:   1.0; Angle:   WEST; Position:   5,5; Parcels:      0; Health:  80.0; Health Usage: 100.0; Fuel: 217.0; Tile: ROAD
2019-05-25 17:16:44 INFO  Car - Speed:   1.0; Angle:   WEST; Position:   4,5; Parcels:      0; Health:  80.0; Health Usage: 100.0; Fuel: 216.0; Tile: ROAD
2019-05-25 17:16:44 INFO  Car - Speed:   1.0; Angle:   WEST; Position:   3,5; Parcels:      0; Health:  80.0; Health Usage: 100.0; Fuel: 215.0; Tile: ROAD
2019-05-25 17:16:44 INFO  Car - Speed:   1.0; Angle:   WEST; Position:   2,5; Parcels:      0; Health:  80.0; Health Usage: 100.0; Fuel: 214.0; Tile: ROAD
2019-05-25 17:16:45 INFO  Car - Speed:   0.0; Angle:   WEST; Position:   2,5; Parcels:      0; Health:  80.0; Health Usage: 100.0; Fuel: 214.0; Tile: ROAD
2019-05-25 17:16:45 INFO  Car - Speed:   0.0; Angle:   WEST; Position:   2,5; Parcels:      0; Health:  80.0; Health Usage: 100.0; Fuel: 214.0; Tile: ROAD
2019-05-25 17:16:45 INFO  Car - Speed:   0.0; Angle:   WEST; Position:   2,5; Parcels:      0; Health:  80.0; Health Usage: 100.0; Fuel: 214.0; Tile: ROAD
2019-05-25 17:16:45 INFO  Car - Speed:   0.0; Angle:   WEST; Position:   2,5; Parcels:      0; Health:  80.0; Health Usage: 100.0; Fuel: 214.0; Tile: ROAD
2019-05-25 17:16:46 INFO  Car - Speed:   1.0; Angle:   WEST; Position:   3,5; Parcels:      0; Health:  80.0; Health Usage: 100.0; Fuel: 213.0; Tile: ROAD
2019-05-25 17:16:46 INFO  Car - Speed:   1.0; Angle:   WEST; Position:   4,5; Parcels:      0; Health:  80.0; Health Usage: 100.0; Fuel: 212.0; Tile: ROAD
2019-05-25 17:16:46 INFO  Car - Speed:   1.0; Angle:   WEST; Position:   5,5; Parcels:      0; Health:  80.0; Health Usage: 100.0; Fuel: 211.0; Tile: ROAD
2019-05-25 17:16:46 INFO  Car - Speed:   1.0; Angle:   WEST; Position:   6,5; Parcels:      0; Health:  80.0; Health Usage: 100.0; Fuel: 210.0; Tile: ROAD
2019-05-25 17:16:47 INFO  Car - Speed:   1.0; Angle:   WEST; Position:   7,5; Parcels:      0; Health:  80.0; Health Usage: 100.0; Fuel: 209.0; Tile: ROAD
2019-05-25 17:16:47 INFO  Car - Speed:   0.0; Angle:   WEST; Position:   7,5; Parcels:      0; Health:  80.0; Health Usage: 100.0; Fuel: 209.0; Tile: ROAD
2019-05-25 17:16:47 INFO  Car - Speed:   1.0; Angle:   WEST; Position:   6,5; Parcels:      0; Health:  80.0; Health Usage: 100.0; Fuel: 208.0; Tile: ROAD
2019-05-25 17:16:47 INFO  Car - Speed:   1.0; Angle:   WEST; Position:   5,5; Parcels:      0; Health:  80.0; Health Usage: 100.0; Fuel: 207.0; Tile: ROAD
2019-05-25 17:16:48 INFO  Car - Speed:   1.0; Angle:   WEST; Position:   4,5; Parcels:      0; Health:  80.0; Health Usage: 100.0; Fuel: 206.0; Tile: ROAD
2019-05-25 17:16:48 INFO  Car - Speed:   1.0; Angle:   WEST; Position:   3,5; Parcels:      0; Health:  80.0; Health Usage: 100.0; Fuel: 205.0; Tile: ROAD
2019-05-25 17:16:48 INFO  Car - Speed:   1.0; Angle:   WEST; Position:   2,5; Parcels:      0; Health:  80.0; Health Usage: 100.0; Fuel: 204.0; Tile: ROAD
2019-05-25 17:16:48 INFO  Car - Speed:   0.0; Angle:   WEST; Position:   2,5; Parcels:      0; Health:  80.0; Health Usage: 100.0; Fuel: 204.0; Tile: ROAD
2019-05-25 17:16:49 INFO  Car - Speed:   0.0; Angle:   WEST; Position:   2,5; Parcels:      0; Health:  80.0; Health Usage: 100.0; Fuel: 204.0; Tile: ROAD
2019-05-25 17:16:49 INFO  Car - Speed:   0.0; Angle:   WEST; Position:   2,5; Parcels:      0; Health:  80.0; Health Usage: 100.0; Fuel: 204.0; Tile: ROAD
2019-05-25 17:16:49 INFO  Car - Speed:   0.0; Angle:   WEST; Position:   2,5; Parcels:      0; Health:  80.0; Health Usage: 100.0; Fuel: 204.0; Tile: ROAD
2019-05-25 17:16:49 INFO  Car - Speed:   0.0; Angle:   WEST; Position:   2,5; Parcels:      0; Health:  80.0; Health Usage: 100.0; Fuel: 204.0; Tile: ROAD
2019-05-25 17:16:50 INFO  Car - Speed:   0.0; Angle:   WEST; Position:   2,5; Parcels:      0; Health:  80.0; Health Usage: 100.0; Fuel: 204.0; Tile: ROAD
2019-05-25 17:16:50 INFO  Car - Speed:   0.0; Angle:   WEST; Position:   2,5; Parcels:      0; Health:  80.0; Health Usage: 100.0; Fuel: 204.0; Tile: ROAD
2019-05-25 17:16:50 INFO  Car - Speed:   0.0; Angle:   WEST; Position:   2,5; Parcels:      0; Health:  80.0; Health Usage: 100.0; Fuel: 204.0; Tile: ROAD
2019-05-25 17:16:50 INFO  Car - Speed:   0.0; Angle:   WEST; Position:   2,5; Parcels:      0; Health:  80.0; Health Usage: 100.0; Fuel: 204.0; Tile: ROAD
2019-05-25 17:16:51 INFO  Car - Speed:   0.0; Angle:   WEST; Position:   2,5; Parcels:      0; Health:  80.0; Health Usage: 100.0; Fuel: 204.0; Tile: ROAD
2019-05-25 17:16:51 INFO  Car - Speed:   0.0; Angle:   WEST; Position:   2,5; Parcels:      0; Health:  80.0; Health Usage: 100.0; Fuel: 204.0; Tile: ROAD
2019-05-25 17:16:51 INFO  Car - Speed:   0.0; Angle:   WEST; Position:   2,5; Parcels:      0; Health:  80.0; Health Usage: 100.0; Fuel: 204.0; Tile: ROAD
2019-05-25 17:16:51 INFO  Car - Speed:   0.0; Angle:   WEST; Position:   2,5; Parcels:      0; Health:  80.0; Health Usage: 100.0; Fuel: 204.0; Tile: ROAD
2019-05-25 17:16:52 INFO  Car - Speed:   0.0; Angle:   WEST; Position:   2,5; Parcels:      0; Health:  80.0; Health Usage: 100.0; Fuel: 204.0; Tile: ROAD
2019-05-25 17:16:52 INFO  Car - Speed:   0.0; Angle:   WEST; Position:   2,5; Parcels:      0; Health:  80.0; Health Usage: 100.0; Fuel: 204.0; Tile: ROAD
2019-05-25 17:16:52 INFO  Car - Speed:   0.0; Angle:   WEST; Position:   2,5; Parcels:      0; Health:  80.0; Health Usage: 100.0; Fuel: 204.0; Tile: ROAD
2019-05-25 17:16:52 INFO  Car - Speed:   0.0; Angle:   WEST; Position:   2,5; Parcels:      0; Health:  80.0; Health Usage: 100.0; Fuel: 204.0; Tile: ROAD
2019-05-25 17:16:53 INFO  Car - Speed:   0.0; Angle:   WEST; Position:   2,5; Parcels:      0; Health:  80.0; Health Usage: 100.0; Fuel: 204.0; Tile: ROAD
2019-05-25 17:16:53 INFO  Car - Speed:   0.0; Angle:   WEST; Position:   2,5; Parcels:      0; Health:  80.0; Health Usage: 100.0; Fuel: 204.0; Tile: ROAD
2019-05-25 17:16:53 INFO  Car - Speed:   0.0; Angle:   WEST; Position:   2,5; Parcels:      0; Health:  80.0; Health Usage: 100.0; Fuel: 204.0; Tile: ROAD
2019-05-25 17:16:53 INFO  Car - Speed:   0.0; Angle:   WEST; Position:   2,5; Parcels:      0; Health:  80.0; Health Usage: 100.0; Fuel: 204.0; Tile: ROAD
2019-05-25 17:16:54 INFO  Car - Speed:   0.0; Angle:   WEST; Position:   2,5; Parcels:      0; Health:  80.0; Health Usage: 100.0; Fuel: 204.0; Tile: ROAD
2019-05-25 17:16:54 INFO  Car - Speed:   0.0; Angle:   WEST; Position:   2,5; Parcels:      0; Health:  80.0; Health Usage: 100.0; Fuel: 204.0; Tile: ROAD
2019-05-25 17:16:54 INFO  Car - Speed:   1.0; Angle:   WEST; Position:   3,5; Parcels:      0; Health:  80.0; Health Usage: 100.0; Fuel: 203.0; Tile: ROAD
2019-05-25 17:16:54 INFO  Car - Speed:   1.0; Angle:   WEST; Position:   4,5; Parcels:      0; Health:  80.0; Health Usage: 100.0; Fuel: 202.0; Tile: ROAD
2019-05-25 17:16:55 INFO  Car - Speed:   1.0; Angle:   WEST; Position:   5,5; Parcels:      0; Health:  80.0; Health Usage: 100.0; Fuel: 201.0; Tile: ROAD
2019-05-25 17:16:55 INFO  Car - Speed:   1.0; Angle:   WEST; Position:   6,5; Parcels:      0; Health:  80.0; Health Usage: 100.0; Fuel: 200.0; Tile: ROAD
2019-05-25 17:16:55 INFO  Car - Speed:   1.0; Angle:   WEST; Position:   7,5; Parcels:      0; Health:  80.0; Health Usage: 100.0; Fuel: 199.0; Tile: ROAD
2019-05-25 17:16:55 INFO  Car - Speed:   1.0; Angle:   WEST; Position:   8,5; Parcels:      0; Health:  80.0; Health Usage: 100.0; Fuel: 198.0; Tile: ROAD
2019-05-25 17:16:56 INFO  Car - Speed:   1.0; Angle:  NORTH; Position:   8,4; Parcels:      0; Health:  80.0; Health Usage: 100.0; Fuel: 197.0; Tile: ROAD
2019-05-25 17:16:56 INFO  Car - Speed:   1.0; Angle:  NORTH; Position:   8,3; Parcels:      0; Health:  80.0; Health Usage: 100.0; Fuel: 196.0; Tile: ROAD
2019-05-25 17:16:56 INFO  Car - Speed:   1.0; Angle:  NORTH; Position:   8,2; Parcels:      0; Health:  80.0; Health Usage: 100.0; Fuel: 195.0; Tile: ROAD
2019-05-25 17:16:56 INFO  Car - Speed:   0.0; Angle:  NORTH; Position:   8,2; Parcels:      0; Health:  75.0; Health Usage: 100.0; Fuel: 194.0; Tile: ROAD
2019-05-25 17:16:57 INFO  Car - Speed:   0.0; Angle:  NORTH; Position:   8,2; Parcels:      0; Health:  75.0; Health Usage: 100.0; Fuel: 194.0; Tile: ROAD
2019-05-25 17:16:57 INFO  Car - Speed:   0.0; Angle:  NORTH; Position:   8,2; Parcels:      0; Health:  75.0; Health Usage: 100.0; Fuel: 194.0; Tile: ROAD
2019-05-25 17:16:57 INFO  Car - Speed:   0.0; Angle:  NORTH; Position:   8,2; Parcels:      0; Health:  75.0; Health Usage: 100.0; Fuel: 194.0; Tile: ROAD
2019-05-25 17:16:57 INFO  Car - Speed:   0.0; Angle:  NORTH; Position:   8,2; Parcels:      0; Health:  75.0; Health Usage: 100.0; Fuel: 194.0; Tile: ROAD
2019-05-25 17:16:58 INFO  Car - Speed:   0.0; Angle:  NORTH; Position:   8,2; Parcels:      0; Health:  75.0; Health Usage: 100.0; Fuel: 194.0; Tile: ROAD
2019-05-25 17:16:58 INFO  Car - Speed:   0.0; Angle:  NORTH; Position:   8,2; Parcels:      0; Health:  75.0; Health Usage: 100.0; Fuel: 194.0; Tile: ROAD
2019-05-25 17:16:58 INFO  Car - Speed:   0.0; Angle:  NORTH; Position:   8,2; Parcels:      0; Health:  75.0; Health Usage: 100.0; Fuel: 194.0; Tile: ROAD
2019-05-25 17:16:58 INFO  Car - Speed:   0.0; Angle:  NORTH; Position:   8,2; Parcels:      0; Health:  75.0; Health Usage: 100.0; Fuel: 194.0; Tile: ROAD
2019-05-25 17:16:59 INFO  Car - Speed:   0.0; Angle:  NORTH; Position:   8,2; Parcels:      0; Health:  75.0; Health Usage: 100.0; Fuel: 194.0; Tile: ROAD
2019-05-25 17:16:59 INFO  Car - Speed:   0.0; Angle:  NORTH; Position:   8,2; Parcels:      0; Health:  75.0; Health Usage: 100.0; Fuel: 194.0; Tile: ROAD
2019-05-25 17:16:59 INFO  Car - Speed:   0.0; Angle:  NORTH; Position:   8,2; Parcels:      0; Health:  75.0; Health Usage: 100.0; Fuel: 194.0; Tile: ROAD
2019-05-25 17:16:59 INFO  Car - Speed:   1.0; Angle:  NORTH; Position:   8,3; Parcels:      0; Health:  75.0; Health Usage: 100.0; Fuel: 193.0; Tile: ROAD
2019-05-25 17:17:00 INFO  Car - Speed:   1.0; Angle:  NORTH; Position:   8,4; Parcels:      0; Health:  75.0; Health Usage: 100.0; Fuel: 192.0; Tile: ROAD
2019-05-25 17:17:00 INFO  Car - Speed:   1.0; Angle:  NORTH; Position:   8,5; Parcels:      0; Health:  75.0; Health Usage: 100.0; Fuel: 191.0; Tile: ROAD
2019-05-25 17:17:00 INFO  Car - Speed:   1.0; Angle:  NORTH; Position:   8,6; Parcels:      0; Health:  75.0; Health Usage: 100.0; Fuel: 190.0; Tile: ROAD
2019-05-25 17:17:00 INFO  Car - Speed:   1.0; Angle:  NORTH; Position:   8,7; Parcels:      0; Health:  75.0; Health Usage: 100.0; Fuel: 189.0; Tile: ROAD
2019-05-25 17:17:01 INFO  Car - Speed:   1.0; Angle:  NORTH; Position:   8,8; Parcels:      0; Health:  75.0; Health Usage: 100.0; Fuel: 188.0; Tile: ROAD
2019-05-25 17:17:01 INFO  Car - Speed:   1.0; Angle:  NORTH; Position:   8,9; Parcels:      0; Health:  75.0; Health Usage: 100.0; Fuel: 187.0; Tile: ROAD
2019-05-25 17:17:01 INFO  Car - Speed:   1.0; Angle:  NORTH; Position:  8,10; Parcels:      0; Health:  75.0; Health Usage: 100.0; Fuel: 186.0; Tile: ROAD
2019-05-25 17:17:01 INFO  Car - Speed:   1.0; Angle:  NORTH; Position:  8,11; Parcels:      0; Health:  75.0; Health Usage: 100.0; Fuel: 185.0; Tile: ROAD
2019-05-25 17:17:02 INFO  Car - Speed:   1.0; Angle:  NORTH; Position:  8,12; Parcels:      0; Health:  75.0; Health Usage: 100.0; Fuel: 184.0; Tile: ROAD
2019-05-25 17:17:02 INFO  Car - Speed:   1.0; Angle:  NORTH; Position:  8,13; Parcels:      0; Health:  75.0; Health Usage: 100.0; Fuel: 183.0; Tile: ROAD
2019-05-25 17:17:02 INFO  Car - Speed:   1.0; Angle:  NORTH; Position:  8,14; Parcels:      0; Health:  75.0; Health Usage: 100.0; Fuel: 182.0; Tile: ROAD
2019-05-25 17:17:02 INFO  Car - Speed:   1.0; Angle:   WEST; Position:  7,14; Parcels:      0; Health:  75.0; Health Usage: 100.0; Fuel: 181.0; Tile: ROAD
2019-05-25 17:17:03 INFO  Car - Speed:   1.0; Angle:   WEST; Position:  6,14; Parcels:      0; Health:  75.0; Health Usage: 100.0; Fuel: 180.0; Tile: ROAD
2019-05-25 17:17:03 INFO  Car - Speed:   1.0; Angle:   WEST; Position:  5,14; Parcels:      0; Health:  75.0; Health Usage: 100.0; Fuel: 179.0; Tile: ROAD
2019-05-25 17:17:03 INFO  Car - Speed:   1.0; Angle:   WEST; Position:  4,14; Parcels:      0; Health:  75.0; Health Usage: 100.0; Fuel: 178.0; Tile: ROAD
2019-05-25 17:17:03 INFO  Car - Speed:   1.0; Angle:   WEST; Position:  3,14; Parcels:      0; Health:  75.0; Health Usage: 100.0; Fuel: 177.0; Tile: ROAD
2019-05-25 17:17:04 INFO  Car - Speed:   0.0; Angle:   WEST; Position:  3,14; Parcels:      0; Health:  75.0; Health Usage: 100.0; Fuel: 177.0; Tile: ROAD
2019-05-25 17:17:04 INFO  Car - Speed:   0.0; Angle:   WEST; Position:  3,14; Parcels:      0; Health:  75.0; Health Usage: 100.0; Fuel: 177.0; Tile: ROAD
2019-05-25 17:17:04 INFO  Car - Speed:   0.0; Angle:   WEST; Position:  3,14; Parcels:      0; Health:  75.0; Health Usage: 100.0; Fuel: 177.0; Tile: ROAD
2019-05-25 17:17:04 INFO  Car - Speed:   0.0; Angle:   WEST; Position:  3,14; Parcels:      0; Health:  75.0; Health Usage: 100.0; Fuel: 177.0; Tile: ROAD
2019-05-25 17:17:05 INFO  Car - Speed:   0.0; Angle:   WEST; Position:  3,14; Parcels:      0; Health:  75.0; Health Usage: 100.0; Fuel: 177.0; Tile: ROAD
2019-05-25 17:17:05 INFO  Car - Speed:   0.0; Angle:   WEST; Position:  3,14; Parcels:      0; Health:  75.0; Health Usage: 100.0; Fuel: 177.0; Tile: ROAD
2019-05-25 17:17:05 INFO  Car - Speed:   0.0; Angle:   WEST; Position:  3,14; Parcels:      0; Health:  75.0; Health Usage: 100.0; Fuel: 177.0; Tile: ROAD
2019-05-25 17:17:05 INFO  Car - Speed:   0.0; Angle:   WEST; Position:  3,14; Parcels:      0; Health:  75.0; Health Usage: 100.0; Fuel: 177.0; Tile: ROAD
2019-05-25 17:17:06 INFO  Car - Speed:   0.0; Angle:   WEST; Position:  3,14; Parcels:      0; Health:  75.0; Health Usage: 100.0; Fuel: 177.0; Tile: ROAD
2019-05-25 17:17:06 INFO  Car - Speed:   0.0; Angle:   WEST; Position:  3,14; Parcels:      0; Health:  75.0; Health Usage: 100.0; Fuel: 177.0; Tile: ROAD
2019-05-25 17:17:06 INFO  Car - Speed:   0.0; Angle:   WEST; Position:  3,14; Parcels:      0; Health:  75.0; Health Usage: 100.0; Fuel: 177.0; Tile: ROAD
2019-05-25 17:17:06 INFO  Car - Speed:   0.0; Angle:   WEST; Position:  3,14; Parcels:      0; Health:  75.0; Health Usage: 100.0; Fuel: 177.0; Tile: ROAD
2019-05-25 17:17:07 INFO  Car - Speed:   0.0; Angle:   WEST; Position:  3,14; Parcels:      0; Health:  75.0; Health Usage: 100.0; Fuel: 177.0; Tile: ROAD
2019-05-25 17:17:07 INFO  Car - Speed:   0.0; Angle:   WEST; Position:  3,14; Parcels:      0; Health:  75.0; Health Usage: 100.0; Fuel: 177.0; Tile: ROAD
2019-05-25 17:17:07 INFO  Car - Speed:   0.0; Angle:   WEST; Position:  3,14; Parcels:      0; Health:  75.0; Health Usage: 100.0; Fuel: 177.0; Tile: ROAD
2019-05-25 17:17:07 INFO  Car - Speed:   0.0; Angle:   WEST; Position:  3,14; Parcels:      0; Health:  75.0; Health Usage: 100.0; Fuel: 177.0; Tile: ROAD
2019-05-25 17:17:08 INFO  Car - Speed:   0.0; Angle:   WEST; Position:  3,14; Parcels:      0; Health:  75.0; Health Usage: 100.0; Fuel: 177.0; Tile: ROAD
2019-05-25 17:17:08 INFO  Car - Speed:   0.0; Angle:   WEST; Position:  3,14; Parcels:      0; Health:  75.0; Health Usage: 100.0; Fuel: 177.0; Tile: ROAD
2019-05-25 17:17:08 INFO  Car - Speed:   0.0; Angle:   WEST; Position:  3,14; Parcels:      0; Health:  75.0; Health Usage: 100.0; Fuel: 177.0; Tile: ROAD
2019-05-25 17:17:08 INFO  Car - Speed:   1.0; Angle:   WEST; Position:  2,14; Parcels:      0; Health:  75.0; Health Usage: 100.0; Fuel: 176.0; Tile: ROAD
2019-05-25 17:17:09 INFO  Car - Speed:   1.0; Angle:  SOUTH; Position:  2,13; Parcels:      0; Health:  75.0; Health Usage: 100.0; Fuel: 175.0; Tile: ROAD
2019-05-25 17:17:09 INFO  Car - Speed:   1.0; Angle:  SOUTH; Position:  2,12; Parcels:      0; Health:  70.0; Health Usage: 100.0; Fuel: 174.0; Tile: TRAP(lava)
2019-05-25 17:17:09 INFO  Car - Speed:   1.0; Angle:  SOUTH; Position:  2,11; Parcels:      0; Health:  65.0; Health Usage: 100.0; Fuel: 173.0; Tile: TRAP(lava)
2019-05-25 17:17:09 INFO  Car - Speed:   1.0; Angle:  SOUTH; Position:  2,10; Parcels:      0; Health:  66.3; Health Usage: 101.25; Fuel: 172.0; Tile: TRAP(health)
2019-05-25 17:17:10 INFO  Car - Speed:   1.0; Angle:  SOUTH; Position:   2,9; Parcels:      0; Health:  67.5; Health Usage: 102.5; Fuel: 171.0; Tile: TRAP(health)
2019-05-25 17:17:10 INFO  Car - Speed:   1.0; Angle:  SOUTH; Position:   2,8; Parcels:      0; Health:  68.8; Health Usage: 103.75; Fuel: 170.0; Tile: TRAP(health)
2019-05-25 17:17:10 INFO  Car - Speed:   1.0; Angle:  SOUTH; Position:   2,7; Parcels:      0; Health:  70.0; Health Usage: 105.0; Fuel: 169.0; Tile: TRAP(health)
2019-05-25 17:17:10 INFO  Car - Speed:   1.0; Angle:   WEST; Position:   1,7; Parcels:      0; Health:  71.3; Health Usage: 106.25; Fuel: 168.0; Tile: TRAP(health)
2019-05-25 17:17:11 INFO  Car - Speed:   0.0; Angle:   WEST; Position:   1,7; Parcels:      0; Health:  66.3; Health Usage: 106.25; Fuel: 167.0; Tile: TRAP(health)
2019-05-25 17:17:11 INFO  Car - Speed:   0.0; Angle:   WEST; Position:   1,7; Parcels:      0; Health:  67.5; Health Usage: 107.5; Fuel: 167.0; Tile: TRAP(health)
2019-05-25 17:17:11 INFO  Car - Speed:   0.0; Angle:   WEST; Position:   1,7; Parcels:      0; Health:  68.8; Health Usage: 108.75; Fuel: 167.0; Tile: TRAP(health)
2019-05-25 17:17:11 INFO  Car - Speed:   0.0; Angle:   WEST; Position:   1,7; Parcels:      0; Health:  70.0; Health Usage: 110.0; Fuel: 167.0; Tile: TRAP(health)
2019-05-25 17:17:12 INFO  Car - Speed:   0.0; Angle:   WEST; Position:   1,7; Parcels:      0; Health:  71.3; Health Usage: 111.25; Fuel: 167.0; Tile: TRAP(health)
2019-05-25 17:17:12 INFO  Car - Speed:   0.0; Angle:   WEST; Position:   1,7; Parcels:      0; Health:  72.5; Health Usage: 112.5; Fuel: 167.0; Tile: TRAP(health)
2019-05-25 17:17:12 INFO  Car - Speed:   0.0; Angle:   WEST; Position:   1,7; Parcels:      0; Health:  73.8; Health Usage: 113.75; Fuel: 167.0; Tile: TRAP(health)
2019-05-25 17:17:12 INFO  Car - Speed:   0.0; Angle:   WEST; Position:   1,7; Parcels:      0; Health:  75.0; Health Usage: 115.0; Fuel: 167.0; Tile: TRAP(health)
2019-05-25 17:17:13 INFO  Car - Speed:   0.0; Angle:   WEST; Position:   1,7; Parcels:      0; Health:  76.3; Health Usage: 116.25; Fuel: 167.0; Tile: TRAP(health)
2019-05-25 17:17:13 INFO  Car - Speed:   0.0; Angle:   WEST; Position:   1,7; Parcels:      0; Health:  71.3; Health Usage: 116.25; Fuel: 166.0; Tile: TRAP(health)
2019-05-25 17:17:13 INFO  Car - Speed:   0.0; Angle:   WEST; Position:   1,7; Parcels:      0; Health:  72.5; Health Usage: 117.5; Fuel: 166.0; Tile: TRAP(health)
2019-05-25 17:17:13 INFO  Car - Speed:   0.0; Angle:   WEST; Position:   1,7; Parcels:      0; Health:  73.8; Health Usage: 118.75; Fuel: 166.0; Tile: TRAP(health)
2019-05-25 17:17:14 INFO  Car - Speed:   0.0; Angle:   WEST; Position:   1,7; Parcels:      0; Health:  75.0; Health Usage: 120.0; Fuel: 166.0; Tile: TRAP(health)
2019-05-25 17:17:14 INFO  Car - Speed:   0.0; Angle:   WEST; Position:   1,7; Parcels:      0; Health:  76.3; Health Usage: 121.25; Fuel: 166.0; Tile: TRAP(health)
2019-05-25 17:17:14 INFO  Car - Speed:   0.0; Angle:   WEST; Position:   1,7; Parcels:      0; Health:  77.5; Health Usage: 122.5; Fuel: 166.0; Tile: TRAP(health)
2019-05-25 17:17:14 INFO  Car - Speed:   0.0; Angle:   WEST; Position:   1,7; Parcels:      0; Health:  78.8; Health Usage: 123.75; Fuel: 166.0; Tile: TRAP(health)
2019-05-25 17:17:15 INFO  Car - Speed:   0.0; Angle:   WEST; Position:   1,7; Parcels:      0; Health:  80.0; Health Usage: 125.0; Fuel: 166.0; Tile: TRAP(health)
2019-05-25 17:17:15 INFO  Car - Speed:   0.0; Angle:   WEST; Position:   1,7; Parcels:      0; Health:  81.3; Health Usage: 126.25; Fuel: 166.0; Tile: TRAP(health)
2019-05-25 17:17:15 INFO  Car - Speed:   0.0; Angle:   WEST; Position:   1,7; Parcels:      0; Health:  82.5; Health Usage: 127.5; Fuel: 166.0; Tile: TRAP(health)
2019-05-25 17:17:15 INFO  Car - Speed:   0.0; Angle:   WEST; Position:   1,7; Parcels:      0; Health:  83.8; Health Usage: 128.75; Fuel: 166.0; Tile: TRAP(health)
2019-05-25 17:17:16 INFO  Car - Speed:   0.0; Angle:   WEST; Position:   1,7; Parcels:      0; Health:  85.0; Health Usage: 130.0; Fuel: 166.0; Tile: TRAP(health)
2019-05-25 17:17:16 INFO  Car - Speed:   0.0; Angle:   WEST; Position:   1,7; Parcels:      0; Health:  86.3; Health Usage: 131.25; Fuel: 166.0; Tile: TRAP(health)
2019-05-25 17:17:16 INFO  Car - Speed:   0.0; Angle:   WEST; Position:   1,7; Parcels:      0; Health:  87.5; Health Usage: 132.5; Fuel: 166.0; Tile: TRAP(health)
2019-05-25 17:17:16 INFO  Car - Speed:   0.0; Angle:   WEST; Position:   1,7; Parcels:      0; Health:  88.8; Health Usage: 133.75; Fuel: 166.0; Tile: TRAP(health)
2019-05-25 17:17:17 INFO  Car - Speed:   0.0; Angle:   WEST; Position:   1,7; Parcels:      0; Health:  90.0; Health Usage: 135.0; Fuel: 166.0; Tile: TRAP(health)
2019-05-25 17:17:17 INFO  Car - Speed:   0.0; Angle:   WEST; Position:   1,7; Parcels:      0; Health:  85.0; Health Usage: 135.0; Fuel: 165.0; Tile: TRAP(health)
2019-05-25 17:17:17 INFO  Car - Speed:   0.0; Angle:   WEST; Position:   1,7; Parcels:      0; Health:  86.3; Health Usage: 136.25; Fuel: 165.0; Tile: TRAP(health)
2019-05-25 17:17:17 INFO  Car - Speed:   0.0; Angle:   WEST; Position:   1,7; Parcels:      0; Health:  87.5; Health Usage: 137.5; Fuel: 165.0; Tile: TRAP(health)
2019-05-25 17:17:18 INFO  Car - Speed:   0.0; Angle:   WEST; Position:   1,7; Parcels:      0; Health:  88.8; Health Usage: 138.75; Fuel: 165.0; Tile: TRAP(health)
2019-05-25 17:17:18 INFO  Car - Speed:   0.0; Angle:   WEST; Position:   1,7; Parcels:      0; Health:  90.0; Health Usage: 140.0; Fuel: 165.0; Tile: TRAP(health)
2019-05-25 17:17:18 INFO  Car - Speed:   0.0; Angle:   WEST; Position:   1,7; Parcels:      0; Health:  91.3; Health Usage: 141.25; Fuel: 165.0; Tile: TRAP(health)
2019-05-25 17:17:18 INFO  Car - Speed:   0.0; Angle:   WEST; Position:   1,7; Parcels:      0; Health:  92.5; Health Usage: 142.5; Fuel: 165.0; Tile: TRAP(health)
2019-05-25 17:17:19 INFO  Car - Speed:   0.0; Angle:   WEST; Position:   1,7; Parcels:      0; Health:  93.8; Health Usage: 143.75; Fuel: 165.0; Tile: TRAP(health)
2019-05-25 17:17:19 INFO  Car - Speed:   0.0; Angle:   WEST; Position:   1,7; Parcels:      0; Health:  95.0; Health Usage: 145.0; Fuel: 165.0; Tile: TRAP(health)
2019-05-25 17:17:19 INFO  Car - Speed:   0.0; Angle:   WEST; Position:   1,7; Parcels:      0; Health:  96.3; Health Usage: 146.25; Fuel: 165.0; Tile: TRAP(health)
2019-05-25 17:17:19 INFO  Car - Speed:   0.0; Angle:   WEST; Position:   1,7; Parcels:      0; Health:  97.5; Health Usage: 147.5; Fuel: 165.0; Tile: TRAP(health)
2019-05-25 17:17:20 INFO  Car - Speed:   0.0; Angle:   WEST; Position:   1,7; Parcels:      0; Health:  98.8; Health Usage: 148.75; Fuel: 165.0; Tile: TRAP(health)
2019-05-25 17:17:20 INFO  Car - Speed:   0.0; Angle:   WEST; Position:   1,7; Parcels:      0; Health: 100.0; Health Usage: 150.0; Fuel: 165.0; Tile: TRAP(health)
2019-05-25 17:17:20 INFO  Car - Speed:   0.0; Angle:   WEST; Position:   1,7; Parcels:      0; Health: 101.3; Health Usage: 151.25; Fuel: 165.0; Tile: TRAP(health)
2019-05-25 17:17:20 INFO  Car - Speed:   0.0; Angle:   WEST; Position:   1,7; Parcels:      0; Health: 102.5; Health Usage: 152.5; Fuel: 165.0; Tile: TRAP(health)
2019-05-25 17:17:21 INFO  Car - Speed:   1.0; Angle:   WEST; Position:   2,7; Parcels:      0; Health: 103.8; Health Usage: 153.75; Fuel: 164.0; Tile: TRAP(health)
2019-05-25 17:17:21 INFO  Car - Speed:   1.0; Angle:   WEST; Position:   3,7; Parcels:      0; Health: 105.0; Health Usage: 155.0; Fuel: 163.0; Tile: TRAP(health)
2019-05-25 17:17:21 INFO  Car - Speed:   1.0; Angle:   WEST; Position:   4,7; Parcels:      0; Health: 106.3; Health Usage: 156.25; Fuel: 162.0; Tile: TRAP(health)
2019-05-25 17:17:21 INFO  Car - Speed:   1.0; Angle:   WEST; Position:   5,7; Parcels:      0; Health: 107.5; Health Usage: 157.5; Fuel: 161.0; Tile: TRAP(health)
2019-05-25 17:17:22 INFO  Car - Speed:   0.0; Angle:   WEST; Position:   5,7; Parcels:      0; Health: 102.5; Health Usage: 157.5; Fuel: 160.0; Tile: TRAP(health)
2019-05-25 17:17:22 INFO  Car - Speed:   0.0; Angle:   WEST; Position:   5,7; Parcels:      0; Health: 103.8; Health Usage: 158.75; Fuel: 160.0; Tile: TRAP(health)
2019-05-25 17:17:22 INFO  Car - Speed:   0.0; Angle:   WEST; Position:   5,7; Parcels:      0; Health: 105.0; Health Usage: 160.0; Fuel: 160.0; Tile: TRAP(health)
2019-05-25 17:17:22 INFO  Car - Speed:   0.0; Angle:   WEST; Position:   5,7; Parcels:      0; Health: 106.3; Health Usage: 161.25; Fuel: 160.0; Tile: TRAP(health)
2019-05-25 17:17:23 INFO  Car - Speed:   0.0; Angle:   WEST; Position:   5,7; Parcels:      0; Health: 107.5; Health Usage: 162.5; Fuel: 160.0; Tile: TRAP(health)
2019-05-25 17:17:23 INFO  Car - Speed:   0.0; Angle:   WEST; Position:   5,7; Parcels:      0; Health: 108.8; Health Usage: 163.75; Fuel: 160.0; Tile: TRAP(health)
2019-05-25 17:17:23 INFO  Car - Speed:   0.0; Angle:   WEST; Position:   5,7; Parcels:      0; Health: 110.0; Health Usage: 165.0; Fuel: 160.0; Tile: TRAP(health)
2019-05-25 17:17:23 INFO  Car - Speed:   0.0; Angle:   WEST; Position:   5,7; Parcels:      0; Health: 111.3; Health Usage: 166.25; Fuel: 160.0; Tile: TRAP(health)
2019-05-25 17:17:24 INFO  Car - Speed:   1.0; Angle:   WEST; Position:   4,7; Parcels:      0; Health: 112.5; Health Usage: 167.5; Fuel: 159.0; Tile: TRAP(health)
2019-05-25 17:17:24 INFO  Car - Speed:   1.0; Angle:   WEST; Position:   3,7; Parcels:      0; Health: 113.8; Health Usage: 168.75; Fuel: 158.0; Tile: TRAP(health)
2019-05-25 17:17:24 INFO  Car - Speed:   1.0; Angle:   WEST; Position:   2,7; Parcels:      0; Health: 115.0; Health Usage: 170.0; Fuel: 157.0; Tile: TRAP(health)
2019-05-25 17:17:24 INFO  Car - Speed:   1.0; Angle:   WEST; Position:   1,7; Parcels:      0; Health: 116.3; Health Usage: 171.25; Fuel: 156.0; Tile: TRAP(health)
2019-05-25 17:17:25 INFO  Car - Speed:   0.0; Angle:   WEST; Position:   1,7; Parcels:      0; Health: 111.3; Health Usage: 171.25; Fuel: 155.0; Tile: TRAP(health)
2019-05-25 17:17:25 INFO  Car - Speed:   0.0; Angle:   WEST; Position:   1,7; Parcels:      0; Health: 112.5; Health Usage: 172.5; Fuel: 155.0; Tile: TRAP(health)
2019-05-25 17:17:25 INFO  Car - Speed:   0.0; Angle:   WEST; Position:   1,7; Parcels:      0; Health: 113.8; Health Usage: 173.75; Fuel: 155.0; Tile: TRAP(health)
2019-05-25 17:17:25 INFO  Car - Speed:   0.0; Angle:   WEST; Position:   1,7; Parcels:      0; Health: 115.0; Health Usage: 175.0; Fuel: 155.0; Tile: TRAP(health)
2019-05-25 17:17:26 INFO  Car - Speed:   0.0; Angle:   WEST; Position:   1,7; Parcels:      0; Health: 116.3; Health Usage: 176.25; Fuel: 155.0; Tile: TRAP(health)
2019-05-25 17:17:26 INFO  Car - Speed:   0.0; Angle:   WEST; Position:   1,7; Parcels:      0; Health: 117.5; Health Usage: 177.5; Fuel: 155.0; Tile: TRAP(health)
2019-05-25 17:17:26 INFO  Car - Speed:   0.0; Angle:   WEST; Position:   1,7; Parcels:      0; Health: 118.8; Health Usage: 178.75; Fuel: 155.0; Tile: TRAP(health)
2019-05-25 17:17:26 INFO  Car - Speed:   1.0; Angle:   WEST; Position:   2,7; Parcels:      0; Health: 120.0; Health Usage: 180.0; Fuel: 154.0; Tile: TRAP(health)
2019-05-25 17:17:27 INFO  Car - Speed:   1.0; Angle:   WEST; Position:   3,7; Parcels:      0; Health: 121.3; Health Usage: 181.25; Fuel: 153.0; Tile: TRAP(health)
2019-05-25 17:17:27 INFO  Car - Speed:   1.0; Angle:   WEST; Position:   4,7; Parcels:      0; Health: 122.5; Health Usage: 182.5; Fuel: 152.0; Tile: TRAP(health)
2019-05-25 17:17:27 INFO  Car - Speed:   1.0; Angle:   WEST; Position:   5,7; Parcels:      0; Health: 123.8; Health Usage: 183.75; Fuel: 151.0; Tile: TRAP(health)
2019-05-25 17:17:27 INFO  Car - Speed:   0.0; Angle:  NORTH; Position:   5,7; Parcels:      0; Health: 118.8; Health Usage: 183.75; Fuel: 150.0; Tile: TRAP(health)
2019-05-25 17:17:28 INFO  Car - Speed:   0.0; Angle:  NORTH; Position:   5,7; Parcels:      0; Health: 120.0; Health Usage: 185.0; Fuel: 150.0; Tile: TRAP(health)
2019-05-25 17:17:28 INFO  Car - Speed:   0.0; Angle:  NORTH; Position:   5,7; Parcels:      0; Health: 121.3; Health Usage: 186.25; Fuel: 150.0; Tile: TRAP(health)
2019-05-25 17:17:28 INFO  Car - Speed:   0.0; Angle:  NORTH; Position:   5,7; Parcels:      0; Health: 122.5; Health Usage: 187.5; Fuel: 150.0; Tile: TRAP(health)
2019-05-25 17:17:28 INFO  Car - Speed:   0.0; Angle:  NORTH; Position:   5,7; Parcels:      0; Health: 123.8; Health Usage: 188.75; Fuel: 150.0; Tile: TRAP(health)
2019-05-25 17:17:29 INFO  Car - Speed:   0.0; Angle:  NORTH; Position:   5,7; Parcels:      0; Health: 125.0; Health Usage: 190.0; Fuel: 150.0; Tile: TRAP(health)
2019-05-25 17:17:29 INFO  Car - Speed:   0.0; Angle:  NORTH; Position:   5,7; Parcels:      0; Health: 126.3; Health Usage: 191.25; Fuel: 150.0; Tile: TRAP(health)
2019-05-25 17:17:29 INFO  Car - Speed:   1.0; Angle:  NORTH; Position:   5,8; Parcels:      0; Health: 127.5; Health Usage: 192.5; Fuel: 149.0; Tile: TRAP(health)
2019-05-25 17:17:29 INFO  Car - Speed:   1.0; Angle:  NORTH; Position:   5,9; Parcels:      0; Health: 128.8; Health Usage: 193.75; Fuel: 148.0; Tile: TRAP(health)
2019-05-25 17:17:30 INFO  Car - Speed:   1.0; Angle:   WEST; Position:   4,9; Parcels:      0; Health: 130.0; Health Usage: 195.0; Fuel: 147.0; Tile: TRAP(health)
2019-05-25 17:17:30 INFO  Car - Speed:   1.0; Angle:   WEST; Position:   3,9; Parcels:      0; Health: 135.0; Health Usage: 200.0; Fuel: 146.0; Tile: ROAD
2019-05-25 17:17:30 INFO  Car - Speed:   1.0; Angle:   WEST; Position:   2,9; Parcels:      0; Health: 136.3; Health Usage: 201.25; Fuel: 145.0; Tile: TRAP(health)
2019-05-25 17:17:30 INFO  Car - Speed:   1.0; Angle:   WEST; Position:   1,9; Parcels:      0; Health: 137.5; Health Usage: 202.5; Fuel: 144.0; Tile: TRAP(health)
2019-05-25 17:17:31 INFO  Car - Speed:   0.0; Angle:   WEST; Position:   1,9; Parcels:      0; Health: 132.5; Health Usage: 202.5; Fuel: 143.0; Tile: TRAP(health)
2019-05-25 17:17:31 INFO  Car - Speed:   0.0; Angle:   WEST; Position:   1,9; Parcels:      0; Health: 133.8; Health Usage: 203.75; Fuel: 143.0; Tile: TRAP(health)
2019-05-25 17:17:31 INFO  Car - Speed:   0.0; Angle:   WEST; Position:   1,9; Parcels:      0; Health: 135.0; Health Usage: 205.0; Fuel: 143.0; Tile: TRAP(health)
2019-05-25 17:17:31 INFO  Car - Speed:   0.0; Angle:   WEST; Position:   1,9; Parcels:      0; Health: 136.3; Health Usage: 206.25; Fuel: 143.0; Tile: TRAP(health)
2019-05-25 17:17:32 INFO  Car - Speed:   0.0; Angle:   WEST; Position:   1,9; Parcels:      0; Health: 137.5; Health Usage: 207.5; Fuel: 143.0; Tile: TRAP(health)
2019-05-25 17:17:32 INFO  Car - Speed:   0.0; Angle:   WEST; Position:   1,9; Parcels:      0; Health: 138.8; Health Usage: 208.75; Fuel: 143.0; Tile: TRAP(health)
2019-05-25 17:17:32 INFO  Car - Speed:   0.0; Angle:   WEST; Position:   1,9; Parcels:      0; Health: 140.0; Health Usage: 210.0; Fuel: 143.0; Tile: TRAP(health)
2019-05-25 17:17:32 INFO  Car - Speed:   0.0; Angle:   WEST; Position:   1,9; Parcels:      0; Health: 141.3; Health Usage: 211.25; Fuel: 143.0; Tile: TRAP(health)
2019-05-25 17:17:33 INFO  Car - Speed:   0.0; Angle:   WEST; Position:   1,9; Parcels:      0; Health: 142.5; Health Usage: 212.5; Fuel: 143.0; Tile: TRAP(health)
2019-05-25 17:17:33 INFO  Car - Speed:   0.0; Angle:   WEST; Position:   1,9; Parcels:      0; Health: 137.5; Health Usage: 212.5; Fuel: 142.0; Tile: TRAP(health)
2019-05-25 17:17:33 INFO  Car - Speed:   0.0; Angle:   WEST; Position:   1,9; Parcels:      0; Health: 138.8; Health Usage: 213.75; Fuel: 142.0; Tile: TRAP(health)
2019-05-25 17:17:33 INFO  Car - Speed:   0.0; Angle:   WEST; Position:   1,9; Parcels:      0; Health: 140.0; Health Usage: 215.0; Fuel: 142.0; Tile: TRAP(health)
2019-05-25 17:17:34 INFO  Car - Speed:   0.0; Angle:   WEST; Position:   1,9; Parcels:      0; Health: 141.3; Health Usage: 216.25; Fuel: 142.0; Tile: TRAP(health)
2019-05-25 17:17:34 INFO  Car - Speed:   0.0; Angle:   WEST; Position:   1,9; Parcels:      0; Health: 142.5; Health Usage: 217.5; Fuel: 142.0; Tile: TRAP(health)
2019-05-25 17:17:34 INFO  Car - Speed:   0.0; Angle:   WEST; Position:   1,9; Parcels:      0; Health: 143.8; Health Usage: 218.75; Fuel: 142.0; Tile: TRAP(health)
2019-05-25 17:17:34 INFO  Car - Speed:   0.0; Angle:   WEST; Position:   1,9; Parcels:      0; Health: 145.0; Health Usage: 220.0; Fuel: 142.0; Tile: TRAP(health)
2019-05-25 17:17:35 INFO  Car - Speed:   0.0; Angle:   WEST; Position:   1,9; Parcels:      0; Health: 146.3; Health Usage: 221.25; Fuel: 142.0; Tile: TRAP(health)
2019-05-25 17:17:35 INFO  Car - Speed:   0.0; Angle:   WEST; Position:   1,9; Parcels:      0; Health: 147.5; Health Usage: 222.5; Fuel: 142.0; Tile: TRAP(health)
2019-05-25 17:17:35 INFO  Car - Speed:   0.0; Angle:   WEST; Position:   1,9; Parcels:      0; Health: 148.8; Health Usage: 223.75; Fuel: 142.0; Tile: TRAP(health)
2019-05-25 17:17:35 INFO  Car - Speed:   0.0; Angle:   WEST; Position:   1,9; Parcels:      0; Health: 150.0; Health Usage: 225.0; Fuel: 142.0; Tile: TRAP(health)
2019-05-25 17:17:36 INFO  Car - Speed:   0.0; Angle:   WEST; Position:   1,9; Parcels:      0; Health: 151.3; Health Usage: 226.25; Fuel: 142.0; Tile: TRAP(health)
2019-05-25 17:17:36 INFO  Car - Speed:   0.0; Angle:   WEST; Position:   1,9; Parcels:      0; Health: 152.5; Health Usage: 227.5; Fuel: 142.0; Tile: TRAP(health)
2019-05-25 17:17:36 INFO  Car - Speed:   0.0; Angle:   WEST; Position:   1,9; Parcels:      0; Health: 153.8; Health Usage: 228.75; Fuel: 142.0; Tile: TRAP(health)
2019-05-25 17:17:36 INFO  Car - Speed:   1.0; Angle:   WEST; Position:   2,9; Parcels:      0; Health: 155.0; Health Usage: 230.0; Fuel: 141.0; Tile: TRAP(health)
2019-05-25 17:17:37 INFO  Car - Speed:   1.0; Angle:   WEST; Position:   3,9; Parcels:      0; Health: 155.0; Health Usage: 230.0; Fuel: 140.0; Tile: ROAD
2019-05-25 17:17:37 INFO  Car - Speed:   1.0; Angle:   WEST; Position:   4,9; Parcels:      0; Health: 156.3; Health Usage: 231.25; Fuel: 139.0; Tile: TRAP(health)
2019-05-25 17:17:37 INFO  Car - Speed:   1.0; Angle:   WEST; Position:   5,9; Parcels:      0; Health: 157.5; Health Usage: 232.5; Fuel: 138.0; Tile: TRAP(health)
2019-05-25 17:17:37 INFO  Car - Speed:   0.0; Angle:   WEST; Position:   5,9; Parcels:      0; Health: 152.5; Health Usage: 232.5; Fuel: 137.0; Tile: TRAP(health)
2019-05-25 17:17:38 INFO  Car - Speed:   0.0; Angle:   WEST; Position:   5,9; Parcels:      0; Health: 153.8; Health Usage: 233.75; Fuel: 137.0; Tile: TRAP(health)
2019-05-25 17:17:38 INFO  Car - Speed:   0.0; Angle:   WEST; Position:   5,9; Parcels:      0; Health: 155.0; Health Usage: 235.0; Fuel: 137.0; Tile: TRAP(health)
2019-05-25 17:17:38 INFO  Car - Speed:   0.0; Angle:   WEST; Position:   5,9; Parcels:      0; Health: 156.3; Health Usage: 236.25; Fuel: 137.0; Tile: TRAP(health)
2019-05-25 17:17:38 INFO  Car - Speed:   0.0; Angle:   WEST; Position:   5,9; Parcels:      0; Health: 157.5; Health Usage: 237.5; Fuel: 137.0; Tile: TRAP(health)
2019-05-25 17:17:39 INFO  Car - Speed:   0.0; Angle:   WEST; Position:   5,9; Parcels:      0; Health: 158.8; Health Usage: 238.75; Fuel: 137.0; Tile: TRAP(health)
2019-05-25 17:17:39 INFO  Car - Speed:   0.0; Angle:   WEST; Position:   5,9; Parcels:      0; Health: 160.0; Health Usage: 240.0; Fuel: 137.0; Tile: TRAP(health)
2019-05-25 17:17:39 INFO  Car - Speed:   0.0; Angle:   WEST; Position:   5,9; Parcels:      0; Health: 161.3; Health Usage: 241.25; Fuel: 137.0; Tile: TRAP(health)
2019-05-25 17:17:39 INFO  Car - Speed:   0.0; Angle:   WEST; Position:   5,9; Parcels:      0; Health: 162.5; Health Usage: 242.5; Fuel: 137.0; Tile: TRAP(health)
2019-05-25 17:17:40 INFO  Car - Speed:   0.0; Angle:   WEST; Position:   5,9; Parcels:      0; Health: 163.8; Health Usage: 243.75; Fuel: 137.0; Tile: TRAP(health)
2019-05-25 17:17:40 INFO  Car - Speed:   0.0; Angle:   WEST; Position:   5,9; Parcels:      0; Health: 165.0; Health Usage: 245.0; Fuel: 137.0; Tile: TRAP(health)
2019-05-25 17:17:40 INFO  Car - Speed:   0.0; Angle:   WEST; Position:   5,9; Parcels:      0; Health: 166.3; Health Usage: 246.25; Fuel: 137.0; Tile: TRAP(health)
2019-05-25 17:17:40 INFO  Car - Speed:   0.0; Angle:   WEST; Position:   5,9; Parcels:      0; Health: 167.5; Health Usage: 247.5; Fuel: 137.0; Tile: TRAP(health)
2019-05-25 17:17:41 INFO  Car - Speed:   0.0; Angle:   WEST; Position:   5,9; Parcels:      0; Health: 168.8; Health Usage: 248.75; Fuel: 137.0; Tile: TRAP(health)
2019-05-25 17:17:41 INFO  Car - Speed:   0.0; Angle:   WEST; Position:   5,9; Parcels:      0; Health: 170.0; Health Usage: 250.0; Fuel: 137.0; Tile: TRAP(health)
2019-05-25 17:17:41 INFO  Car - Speed:   1.0; Angle:   WEST; Position:   4,9; Parcels:      0; Health: 171.3; Health Usage: 251.25; Fuel: 136.0; Tile: TRAP(health)
2019-05-25 17:17:41 INFO  Car - Speed:   1.0; Angle:   WEST; Position:   3,9; Parcels:      0; Health: 171.3; Health Usage: 251.25; Fuel: 135.0; Tile: ROAD
2019-05-25 17:17:42 INFO  Car - Speed:   1.0; Angle:   WEST; Position:   2,9; Parcels:      0; Health: 172.5; Health Usage: 252.5; Fuel: 134.0; Tile: TRAP(health)
2019-05-25 17:17:42 INFO  Car - Speed:   1.0; Angle:   WEST; Position:   1,9; Parcels:      0; Health: 173.8; Health Usage: 253.75; Fuel: 133.0; Tile: TRAP(health)
2019-05-25 17:17:42 INFO  Car - Speed:   0.0; Angle:   WEST; Position:   1,9; Parcels:      0; Health: 168.8; Health Usage: 253.75; Fuel: 132.0; Tile: TRAP(health)
2019-05-25 17:17:42 INFO  Car - Speed:   0.0; Angle:   WEST; Position:   1,9; Parcels:      0; Health: 170.0; Health Usage: 255.0; Fuel: 132.0; Tile: TRAP(health)
2019-05-25 17:17:43 INFO  Car - Speed:   0.0; Angle:   WEST; Position:   1,9; Parcels:      0; Health: 165.0; Health Usage: 255.0; Fuel: 131.0; Tile: TRAP(health)
2019-05-25 17:17:43 INFO  Car - Speed:   0.0; Angle:   WEST; Position:   1,9; Parcels:      0; Health: 166.3; Health Usage: 256.25; Fuel: 131.0; Tile: TRAP(health)
2019-05-25 17:17:43 INFO  Car - Speed:   1.0; Angle:   WEST; Position:   2,9; Parcels:      0; Health: 167.5; Health Usage: 257.5; Fuel: 130.0; Tile: TRAP(health)
2019-05-25 17:17:43 INFO  Car - Speed:   1.0; Angle:   WEST; Position:   3,9; Parcels:      0; Health: 167.5; Health Usage: 257.5; Fuel: 129.0; Tile: ROAD
2019-05-25 17:17:44 INFO  Car - Speed:   1.0; Angle:   WEST; Position:   4,9; Parcels:      0; Health: 168.8; Health Usage: 258.75; Fuel: 128.0; Tile: TRAP(health)
2019-05-25 17:17:44 INFO  Car - Speed:   1.0; Angle:   WEST; Position:   5,9; Parcels:      0; Health: 170.0; Health Usage: 260.0; Fuel: 127.0; Tile: TRAP(health)
2019-05-25 17:17:44 INFO  Car - Speed:   0.0; Angle:   WEST; Position:   5,9; Parcels:      0; Health: 165.0; Health Usage: 260.0; Fuel: 126.0; Tile: TRAP(health)
2019-05-25 17:17:44 INFO  Car - Speed:   0.0; Angle:   WEST; Position:   5,9; Parcels:      0; Health: 166.3; Health Usage: 261.25; Fuel: 126.0; Tile: TRAP(health)
2019-05-25 17:17:45 INFO  Car - Speed:   0.0; Angle:   WEST; Position:   5,9; Parcels:      0; Health: 167.5; Health Usage: 262.5; Fuel: 126.0; Tile: TRAP(health)
2019-05-25 17:17:45 INFO  Car - Speed:   0.0; Angle:   WEST; Position:   5,9; Parcels:      0; Health: 168.8; Health Usage: 263.75; Fuel: 126.0; Tile: TRAP(health)
2019-05-25 17:17:45 INFO  Car - Speed:   0.0; Angle:   WEST; Position:   5,9; Parcels:      0; Health: 170.0; Health Usage: 265.0; Fuel: 126.0; Tile: TRAP(health)
2019-05-25 17:17:45 INFO  Car - Speed:   0.0; Angle:   WEST; Position:   5,9; Parcels:      0; Health: 171.3; Health Usage: 266.25; Fuel: 126.0; Tile: TRAP(health)
2019-05-25 17:17:46 INFO  Car - Speed:   0.0; Angle:   WEST; Position:   5,9; Parcels:      0; Health: 172.5; Health Usage: 267.5; Fuel: 126.0; Tile: TRAP(health)
2019-05-25 17:17:46 INFO  Car - Speed:   0.0; Angle:   WEST; Position:   5,9; Parcels:      0; Health: 173.8; Health Usage: 268.75; Fuel: 126.0; Tile: TRAP(health)
2019-05-25 17:17:46 INFO  Car - Speed:   0.0; Angle:   WEST; Position:   5,9; Parcels:      0; Health: 175.0; Health Usage: 270.0; Fuel: 126.0; Tile: TRAP(health)
2019-05-25 17:17:46 INFO  Car - Speed:   1.0; Angle:   WEST; Position:   4,9; Parcels:      0; Health: 176.3; Health Usage: 271.25; Fuel: 125.0; Tile: TRAP(health)
2019-05-25 17:17:47 INFO  Car - Speed:   1.0; Angle:   WEST; Position:   3,9; Parcels:      0; Health: 176.3; Health Usage: 271.25; Fuel: 124.0; Tile: ROAD
2019-05-25 17:17:47 INFO  Car - Speed:   1.0; Angle:   WEST; Position:   2,9; Parcels:      0; Health: 177.5; Health Usage: 272.5; Fuel: 123.0; Tile: TRAP(health)
2019-05-25 17:17:47 INFO  Car - Speed:   1.0; Angle:   WEST; Position:   1,9; Parcels:      0; Health: 178.8; Health Usage: 273.75; Fuel: 122.0; Tile: TRAP(health)
2019-05-25 17:17:47 INFO  Car - Speed:   1.0; Angle:  NORTH; Position:  1,10; Parcels:      0; Health: 180.0; Health Usage: 275.0; Fuel: 121.0; Tile: TRAP(health)
2019-05-25 17:17:48 INFO  Car - Speed:   1.0; Angle:  NORTH; Position:  1,11; Parcels:      0; Health: 175.0; Health Usage: 275.0; Fuel: 120.0; Tile: TRAP(lava)
2019-05-25 17:17:48 INFO  Car - Speed:   1.0; Angle:  NORTH; Position:  1,12; Parcels:      0; Health: 170.0; Health Usage: 275.0; Fuel: 119.0; Tile: TRAP(lava)
2019-05-25 17:17:48 INFO  Car - Speed:   1.0; Angle:  NORTH; Position:  1,13; Parcels:      0; Health: 170.0; Health Usage: 275.0; Fuel: 118.0; Tile: ROAD
2019-05-25 17:17:48 INFO  Car - Speed:   1.0; Angle:  NORTH; Position:  1,14; Parcels:      0; Health: 170.0; Health Usage: 275.0; Fuel: 117.0; Tile: ROAD
2019-05-25 17:17:49 INFO  Car - Speed:   1.0; Angle:  NORTH; Position:  1,15; Parcels:      0; Health: 170.0; Health Usage: 275.0; Fuel: 116.0; Tile: ROAD
2019-05-25 17:17:49 INFO  Car - Speed:   1.0; Angle:   EAST; Position:  2,15; Parcels:      0; Health: 170.0; Health Usage: 275.0; Fuel: 115.0; Tile: ROAD
2019-05-25 17:17:49 INFO  Car - Speed:   1.0; Angle:   EAST; Position:  3,15; Parcels:      0; Health: 170.0; Health Usage: 275.0; Fuel: 114.0; Tile: ROAD
2019-05-25 17:17:49 INFO  Car - Speed:   1.0; Angle:   EAST; Position:  4,15; Parcels:      0; Health: 170.0; Health Usage: 275.0; Fuel: 113.0; Tile: ROAD
2019-05-25 17:17:50 INFO  Car - Speed:   1.0; Angle:   EAST; Position:  5,15; Parcels:      1; Health: 170.0; Health Usage: 275.0; Fuel: 112.0; Tile: ROAD
2019-05-25 17:17:50 INFO  Car - Speed:   1.0; Angle:   EAST; Position:  6,15; Parcels:      1; Health: 170.0; Health Usage: 275.0; Fuel: 111.0; Tile: ROAD
2019-05-25 17:17:50 INFO  Car - Speed:   1.0; Angle:   EAST; Position:  7,15; Parcels:      1; Health: 170.0; Health Usage: 275.0; Fuel: 110.0; Tile: ROAD
2019-05-25 17:17:50 INFO  Car - Speed:   1.0; Angle:   EAST; Position:  8,15; Parcels:      1; Health: 170.0; Health Usage: 275.0; Fuel: 109.0; Tile: ROAD
2019-05-25 17:17:51 INFO  Car - Speed:   0.0; Angle:   EAST; Position:  8,15; Parcels:      1; Health: 170.0; Health Usage: 275.0; Fuel: 109.0; Tile: ROAD
2019-05-25 17:17:51 INFO  Car - Speed:   0.0; Angle:   EAST; Position:  8,15; Parcels:      1; Health: 170.0; Health Usage: 275.0; Fuel: 109.0; Tile: ROAD
2019-05-25 17:17:51 INFO  Car - Speed:   0.0; Angle:   EAST; Position:  8,15; Parcels:      1; Health: 170.0; Health Usage: 275.0; Fuel: 109.0; Tile: ROAD
2019-05-25 17:17:51 INFO  Car - Speed:   0.0; Angle:   EAST; Position:  8,15; Parcels:      1; Health: 170.0; Health Usage: 275.0; Fuel: 109.0; Tile: ROAD
2019-05-25 17:17:52 INFO  Car - Speed:   0.0; Angle:   EAST; Position:  8,15; Parcels:      1; Health: 170.0; Health Usage: 275.0; Fuel: 109.0; Tile: ROAD
2019-05-25 17:17:52 INFO  Car - Speed:   0.0; Angle:   EAST; Position:  8,15; Parcels:      1; Health: 170.0; Health Usage: 275.0; Fuel: 109.0; Tile: ROAD
2019-05-25 17:17:52 INFO  Car - Speed:   0.0; Angle:   EAST; Position:  8,15; Parcels:      1; Health: 170.0; Health Usage: 275.0; Fuel: 109.0; Tile: ROAD
2019-05-25 17:17:52 INFO  Car - Speed:   0.0; Angle:   EAST; Position:  8,15; Parcels:      1; Health: 170.0; Health Usage: 275.0; Fuel: 109.0; Tile: ROAD
2019-05-25 17:17:53 INFO  Car - Speed:   0.0; Angle:   EAST; Position:  8,15; Parcels:      1; Health: 170.0; Health Usage: 275.0; Fuel: 109.0; Tile: ROAD
2019-05-25 17:17:53 INFO  Car - Speed:   0.0; Angle:   EAST; Position:  8,15; Parcels:      1; Health: 170.0; Health Usage: 275.0; Fuel: 109.0; Tile: ROAD
2019-05-25 17:17:53 INFO  Car - Speed:   0.0; Angle:   EAST; Position:  8,15; Parcels:      1; Health: 170.0; Health Usage: 275.0; Fuel: 109.0; Tile: ROAD
2019-05-25 17:17:53 INFO  Car - Speed:   0.0; Angle:   EAST; Position:  8,15; Parcels:      1; Health: 170.0; Health Usage: 275.0; Fuel: 109.0; Tile: ROAD
2019-05-25 17:17:54 INFO  Car - Speed:   0.0; Angle:   EAST; Position:  8,15; Parcels:      1; Health: 170.0; Health Usage: 275.0; Fuel: 109.0; Tile: ROAD
2019-05-25 17:17:54 INFO  Car - Speed:   0.0; Angle:   EAST; Position:  8,15; Parcels:      1; Health: 170.0; Health Usage: 275.0; Fuel: 109.0; Tile: ROAD
2019-05-25 17:17:54 INFO  Car - Speed:   0.0; Angle:   EAST; Position:  8,15; Parcels:      1; Health: 170.0; Health Usage: 275.0; Fuel: 109.0; Tile: ROAD
2019-05-25 17:17:54 INFO  Car - Speed:   0.0; Angle:   EAST; Position:  8,15; Parcels:      1; Health: 170.0; Health Usage: 275.0; Fuel: 109.0; Tile: ROAD
2019-05-25 17:17:55 INFO  Car - Speed:   1.0; Angle:   EAST; Position:  7,15; Parcels:      1; Health: 170.0; Health Usage: 275.0; Fuel: 108.0; Tile: ROAD
2019-05-25 17:17:55 INFO  Car - Speed:   1.0; Angle:   EAST; Position:  6,15; Parcels:      1; Health: 170.0; Health Usage: 275.0; Fuel: 107.0; Tile: ROAD
2019-05-25 17:17:55 INFO  Car - Speed:   1.0; Angle:   EAST; Position:  5,15; Parcels:      1; Health: 170.0; Health Usage: 275.0; Fuel: 106.0; Tile: ROAD
2019-05-25 17:17:55 INFO  Car - Speed:   1.0; Angle:   EAST; Position:  4,15; Parcels:      1; Health: 170.0; Health Usage: 275.0; Fuel: 105.0; Tile: ROAD
2019-05-25 17:17:56 INFO  Car - Speed:   1.0; Angle:   EAST; Position:  3,15; Parcels:      1; Health: 170.0; Health Usage: 275.0; Fuel: 104.0; Tile: ROAD
2019-05-25 17:17:56 INFO  Car - Speed:   0.0; Angle:   EAST; Position:  3,15; Parcels:      1; Health: 170.0; Health Usage: 275.0; Fuel: 104.0; Tile: ROAD
2019-05-25 17:17:56 INFO  Car - Speed:   0.0; Angle:   EAST; Position:  3,15; Parcels:      1; Health: 170.0; Health Usage: 275.0; Fuel: 104.0; Tile: ROAD
2019-05-25 17:17:56 INFO  Car - Speed:   0.0; Angle:   EAST; Position:  3,15; Parcels:      1; Health: 170.0; Health Usage: 275.0; Fuel: 104.0; Tile: ROAD
2019-05-25 17:17:57 INFO  Car - Speed:   0.0; Angle:   EAST; Position:  3,15; Parcels:      1; Health: 170.0; Health Usage: 275.0; Fuel: 104.0; Tile: ROAD
2019-05-25 17:17:57 INFO  Car - Speed:   0.0; Angle:   EAST; Position:  3,15; Parcels:      1; Health: 170.0; Health Usage: 275.0; Fuel: 104.0; Tile: ROAD
2019-05-25 17:17:57 INFO  Car - Speed:   1.0; Angle:   EAST; Position:  4,15; Parcels:      1; Health: 170.0; Health Usage: 275.0; Fuel: 103.0; Tile: ROAD
2019-05-25 17:17:57 INFO  Car - Speed:   1.0; Angle:   EAST; Position:  5,15; Parcels:      1; Health: 170.0; Health Usage: 275.0; Fuel: 102.0; Tile: ROAD
2019-05-25 17:17:58 INFO  Car - Speed:   1.0; Angle:   EAST; Position:  6,15; Parcels:      1; Health: 170.0; Health Usage: 275.0; Fuel: 101.0; Tile: ROAD
2019-05-25 17:17:58 INFO  Car - Speed:   1.0; Angle:   EAST; Position:  7,15; Parcels:      1; Health: 170.0; Health Usage: 275.0; Fuel: 100.0; Tile: ROAD
2019-05-25 17:17:58 INFO  Car - Speed:   1.0; Angle:   EAST; Position:  8,15; Parcels:      1; Health: 170.0; Health Usage: 275.0; Fuel:  99.0; Tile: ROAD
2019-05-25 17:17:58 INFO  Car - Speed:   1.0; Angle:   EAST; Position:  9,15; Parcels:      1; Health: 170.0; Health Usage: 275.0; Fuel:  98.0; Tile: ROAD
2019-05-25 17:17:59 INFO  Car - Speed:   0.0; Angle:   EAST; Position:  9,15; Parcels:      1; Health: 170.0; Health Usage: 275.0; Fuel:  98.0; Tile: ROAD
2019-05-25 17:17:59 INFO  Car - Speed:   0.0; Angle:   EAST; Position:  9,15; Parcels:      1; Health: 170.0; Health Usage: 275.0; Fuel:  98.0; Tile: ROAD
2019-05-25 17:17:59 INFO  Car - Speed:   0.0; Angle:   EAST; Position:  9,15; Parcels:      1; Health: 170.0; Health Usage: 275.0; Fuel:  98.0; Tile: ROAD
2019-05-25 17:17:59 INFO  Car - Speed:   0.0; Angle:   EAST; Position:  9,15; Parcels:      1; Health: 170.0; Health Usage: 275.0; Fuel:  98.0; Tile: ROAD
2019-05-25 17:18:00 INFO  Car - Speed:   0.0; Angle:   EAST; Position:  9,15; Parcels:      1; Health: 170.0; Health Usage: 275.0; Fuel:  98.0; Tile: ROAD
2019-05-25 17:18:00 INFO  Car - Speed:   0.0; Angle:   EAST; Position:  9,15; Parcels:      1; Health: 170.0; Health Usage: 275.0; Fuel:  98.0; Tile: ROAD
2019-05-25 17:18:00 INFO  Car - Speed:   0.0; Angle:   EAST; Position:  9,15; Parcels:      1; Health: 170.0; Health Usage: 275.0; Fuel:  98.0; Tile: ROAD
2019-05-25 17:18:00 INFO  Car - Speed:   0.0; Angle:   EAST; Position:  9,15; Parcels:      1; Health: 170.0; Health Usage: 275.0; Fuel:  98.0; Tile: ROAD
2019-05-25 17:18:01 INFO  Car - Speed:   0.0; Angle:   EAST; Position:  9,15; Parcels:      1; Health: 170.0; Health Usage: 275.0; Fuel:  98.0; Tile: ROAD
2019-05-25 17:18:01 INFO  Car - Speed:   0.0; Angle:   EAST; Position:  9,15; Parcels:      1; Health: 170.0; Health Usage: 275.0; Fuel:  98.0; Tile: ROAD
2019-05-25 17:18:01 INFO  Car - Speed:   0.0; Angle:   EAST; Position:  9,15; Parcels:      1; Health: 170.0; Health Usage: 275.0; Fuel:  98.0; Tile: ROAD
2019-05-25 17:18:01 INFO  Car - Speed:   0.0; Angle:   EAST; Position:  9,15; Parcels:      1; Health: 170.0; Health Usage: 275.0; Fuel:  98.0; Tile: ROAD
2019-05-25 17:18:02 INFO  Car - Speed:   0.0; Angle:   EAST; Position:  9,15; Parcels:      1; Health: 170.0; Health Usage: 275.0; Fuel:  98.0; Tile: ROAD
2019-05-25 17:18:02 INFO  Car - Speed:   1.0; Angle:   EAST; Position:  8,15; Parcels:      1; Health: 170.0; Health Usage: 275.0; Fuel:  97.0; Tile: ROAD
2019-05-25 17:18:02 INFO  Car - Speed:   1.0; Angle:   EAST; Position:  7,15; Parcels:      1; Health: 170.0; Health Usage: 275.0; Fuel:  96.0; Tile: ROAD
2019-05-25 17:18:02 INFO  Car - Speed:   1.0; Angle:   EAST; Position:  6,15; Parcels:      1; Health: 170.0; Health Usage: 275.0; Fuel:  95.0; Tile: ROAD
2019-05-25 17:18:03 INFO  Car - Speed:   1.0; Angle:   EAST; Position:  5,15; Parcels:      1; Health: 170.0; Health Usage: 275.0; Fuel:  94.0; Tile: ROAD
2019-05-25 17:18:03 INFO  Car - Speed:   1.0; Angle:   EAST; Position:  4,15; Parcels:      1; Health: 170.0; Health Usage: 275.0; Fuel:  93.0; Tile: ROAD
2019-05-25 17:18:03 INFO  Car - Speed:   1.0; Angle:   EAST; Position:  3,15; Parcels:      1; Health: 170.0; Health Usage: 275.0; Fuel:  92.0; Tile: ROAD
2019-05-25 17:18:03 INFO  Car - Speed:   1.0; Angle:   EAST; Position:  2,15; Parcels:      1; Health: 170.0; Health Usage: 275.0; Fuel:  91.0; Tile: ROAD
2019-05-25 17:18:04 INFO  Car - Speed:   1.0; Angle:  SOUTH; Position:  2,16; Parcels:      1; Health: 170.0; Health Usage: 275.0; Fuel:  90.0; Tile: ROAD
2019-05-25 17:18:04 INFO  Car - Speed:   1.0; Angle:   EAST; Position:  1,16; Parcels:      1; Health: 170.0; Health Usage: 275.0; Fuel:  89.0; Tile: ROAD
2019-05-25 17:18:04 INFO  Car - Speed:   0.0; Angle:   EAST; Position:  1,16; Parcels:      1; Health: 165.0; Health Usage: 275.0; Fuel:  88.0; Tile: ROAD
2019-05-25 17:18:04 INFO  Car - Speed:   0.0; Angle:   EAST; Position:  1,16; Parcels:      1; Health: 165.0; Health Usage: 275.0; Fuel:  88.0; Tile: ROAD
2019-05-25 17:18:05 INFO  Car - Speed:   0.0; Angle:   EAST; Position:  1,16; Parcels:      1; Health: 165.0; Health Usage: 275.0; Fuel:  88.0; Tile: ROAD
2019-05-25 17:18:05 INFO  Car - Speed:   0.0; Angle:   EAST; Position:  1,16; Parcels:      1; Health: 165.0; Health Usage: 275.0; Fuel:  88.0; Tile: ROAD
2019-05-25 17:18:05 INFO  Car - Speed:   0.0; Angle:   EAST; Position:  1,16; Parcels:      1; Health: 165.0; Health Usage: 275.0; Fuel:  88.0; Tile: ROAD
2019-05-25 17:18:05 INFO  Car - Speed:   0.0; Angle:   EAST; Position:  1,16; Parcels:      1; Health: 165.0; Health Usage: 275.0; Fuel:  88.0; Tile: ROAD
2019-05-25 17:18:06 INFO  Car - Speed:   0.0; Angle:   EAST; Position:  1,16; Parcels:      1; Health: 165.0; Health Usage: 275.0; Fuel:  88.0; Tile: ROAD
2019-05-25 17:18:06 INFO  Car - Speed:   0.0; Angle:   EAST; Position:  1,16; Parcels:      1; Health: 165.0; Health Usage: 275.0; Fuel:  88.0; Tile: ROAD
2019-05-25 17:18:06 INFO  Car - Speed:   0.0; Angle:   EAST; Position:  1,16; Parcels:      1; Health: 165.0; Health Usage: 275.0; Fuel:  88.0; Tile: ROAD
2019-05-25 17:18:06 INFO  Car - Speed:   0.0; Angle:   EAST; Position:  1,16; Parcels:      1; Health: 165.0; Health Usage: 275.0; Fuel:  88.0; Tile: ROAD
2019-05-25 17:18:07 INFO  Car - Speed:   0.0; Angle:   EAST; Position:  1,16; Parcels:      1; Health: 165.0; Health Usage: 275.0; Fuel:  88.0; Tile: ROAD
2019-05-25 17:18:07 INFO  Car - Speed:   0.0; Angle:   EAST; Position:  1,16; Parcels:      1; Health: 165.0; Health Usage: 275.0; Fuel:  88.0; Tile: ROAD
2019-05-25 17:18:07 INFO  Car - Speed:   1.0; Angle:   EAST; Position:  2,16; Parcels:      1; Health: 165.0; Health Usage: 275.0; Fuel:  87.0; Tile: ROAD
2019-05-25 17:18:07 INFO  Car - Speed:   1.0; Angle:   EAST; Position:  3,16; Parcels:      1; Health: 165.0; Health Usage: 275.0; Fuel:  86.0; Tile: ROAD
2019-05-25 17:18:08 INFO  Car - Speed:   1.0; Angle:   EAST; Position:  4,16; Parcels:      1; Health: 165.0; Health Usage: 275.0; Fuel:  85.0; Tile: ROAD
2019-05-25 17:18:08 INFO  Car - Speed:   1.0; Angle:   EAST; Position:  5,16; Parcels:      1; Health: 165.0; Health Usage: 275.0; Fuel:  84.0; Tile: ROAD
2019-05-25 17:18:08 INFO  Car - Speed:   0.0; Angle:   EAST; Position:  5,16; Parcels:      1; Health: 165.0; Health Usage: 275.0; Fuel:  84.0; Tile: ROAD
2019-05-25 17:18:08 INFO  Car - Speed:   0.0; Angle:   EAST; Position:  5,16; Parcels:      1; Health: 165.0; Health Usage: 275.0; Fuel:  84.0; Tile: ROAD
2019-05-25 17:18:09 INFO  Car - Speed:   0.0; Angle:   EAST; Position:  5,16; Parcels:      1; Health: 165.0; Health Usage: 275.0; Fuel:  84.0; Tile: ROAD
2019-05-25 17:18:09 INFO  Car - Speed:   0.0; Angle:   EAST; Position:  5,16; Parcels:      1; Health: 165.0; Health Usage: 275.0; Fuel:  84.0; Tile: ROAD
2019-05-25 17:18:09 INFO  Car - Speed:   0.0; Angle:   EAST; Position:  5,16; Parcels:      1; Health: 165.0; Health Usage: 275.0; Fuel:  84.0; Tile: ROAD
2019-05-25 17:18:09 INFO  Car - Speed:   0.0; Angle:   EAST; Position:  5,16; Parcels:      1; Health: 165.0; Health Usage: 275.0; Fuel:  84.0; Tile: ROAD
2019-05-25 17:18:10 INFO  Car - Speed:   0.0; Angle:   EAST; Position:  5,16; Parcels:      1; Health: 165.0; Health Usage: 275.0; Fuel:  84.0; Tile: ROAD
2019-05-25 17:18:10 INFO  Car - Speed:   0.0; Angle:   EAST; Position:  5,16; Parcels:      1; Health: 165.0; Health Usage: 275.0; Fuel:  84.0; Tile: ROAD
2019-05-25 17:18:10 INFO  Car - Speed:   0.0; Angle:   EAST; Position:  5,16; Parcels:      1; Health: 165.0; Health Usage: 275.0; Fuel:  84.0; Tile: ROAD
2019-05-25 17:18:10 INFO  Car - Speed:   0.0; Angle:   EAST; Position:  5,16; Parcels:      1; Health: 165.0; Health Usage: 275.0; Fuel:  84.0; Tile: ROAD
2019-05-25 17:18:11 INFO  Car - Speed:   0.0; Angle:   EAST; Position:  5,16; Parcels:      1; Health: 165.0; Health Usage: 275.0; Fuel:  84.0; Tile: ROAD
2019-05-25 17:18:11 INFO  Car - Speed:   0.0; Angle:   EAST; Position:  5,16; Parcels:      1; Health: 165.0; Health Usage: 275.0; Fuel:  84.0; Tile: ROAD
2019-05-25 17:18:11 INFO  Car - Speed:   0.0; Angle:   EAST; Position:  5,16; Parcels:      1; Health: 165.0; Health Usage: 275.0; Fuel:  84.0; Tile: ROAD
2019-05-25 17:18:11 INFO  Car - Speed:   0.0; Angle:   EAST; Position:  5,16; Parcels:      1; Health: 165.0; Health Usage: 275.0; Fuel:  84.0; Tile: ROAD
2019-05-25 17:18:12 INFO  Car - Speed:   0.0; Angle:   EAST; Position:  5,16; Parcels:      1; Health: 165.0; Health Usage: 275.0; Fuel:  84.0; Tile: ROAD
2019-05-25 17:18:12 INFO  Car - Speed:   0.0; Angle:   EAST; Position:  5,16; Parcels:      1; Health: 165.0; Health Usage: 275.0; Fuel:  84.0; Tile: ROAD
2019-05-25 17:18:12 INFO  Car - Speed:   0.0; Angle:   EAST; Position:  5,16; Parcels:      1; Health: 165.0; Health Usage: 275.0; Fuel:  84.0; Tile: ROAD
2019-05-25 17:18:12 INFO  Car - Speed:   0.0; Angle:   EAST; Position:  5,16; Parcels:      1; Health: 165.0; Health Usage: 275.0; Fuel:  84.0; Tile: ROAD
2019-05-25 17:18:13 INFO  Car - Speed:   0.0; Angle:   EAST; Position:  5,16; Parcels:      1; Health: 165.0; Health Usage: 275.0; Fuel:  84.0; Tile: ROAD
2019-05-25 17:18:13 INFO  Car - Speed:   0.0; Angle:   EAST; Position:  5,16; Parcels:      1; Health: 165.0; Health Usage: 275.0; Fuel:  84.0; Tile: ROAD
2019-05-25 17:18:13 INFO  Car - Speed:   0.0; Angle:   EAST; Position:  5,16; Parcels:      1; Health: 165.0; Health Usage: 275.0; Fuel:  84.0; Tile: ROAD
2019-05-25 17:18:13 INFO  Car - Speed:   0.0; Angle:   EAST; Position:  5,16; Parcels:      1; Health: 165.0; Health Usage: 275.0; Fuel:  84.0; Tile: ROAD
2019-05-25 17:18:14 INFO  Car - Speed:   1.0; Angle:   EAST; Position:  6,16; Parcels:      1; Health: 165.0; Health Usage: 275.0; Fuel:  83.0; Tile: ROAD
2019-05-25 17:18:14 INFO  Car - Speed:   1.0; Angle:   EAST; Position:  7,16; Parcels:      1; Health: 165.0; Health Usage: 275.0; Fuel:  82.0; Tile: ROAD
2019-05-25 17:18:14 INFO  Car - Speed:   1.0; Angle:  SOUTH; Position:  7,15; Parcels:      1; Health: 165.0; Health Usage: 275.0; Fuel:  81.0; Tile: ROAD
2019-05-25 17:18:14 INFO  Car - Speed:   1.0; Angle:  SOUTH; Position:  7,14; Parcels:      1; Health: 165.0; Health Usage: 275.0; Fuel:  80.0; Tile: ROAD
2019-05-25 17:18:15 INFO  Car - Speed:   1.0; Angle:  SOUTH; Position:  7,13; Parcels:      1; Health: 165.0; Health Usage: 275.0; Fuel:  79.0; Tile: ROAD
2019-05-25 17:18:15 INFO  Car - Speed:   1.0; Angle:  SOUTH; Position:  7,12; Parcels:      1; Health: 165.0; Health Usage: 275.0; Fuel:  78.0; Tile: ROAD
2019-05-25 17:18:15 INFO  Car - Speed:   1.0; Angle:   EAST; Position:  8,12; Parcels:      1; Health: 165.0; Health Usage: 275.0; Fuel:  77.0; Tile: ROAD
2019-05-25 17:18:15 INFO  Car - Speed:   0.0; Angle:   EAST; Position:  8,12; Parcels:      1; Health: 160.0; Health Usage: 275.0; Fuel:  76.0; Tile: ROAD
2019-05-25 17:18:16 INFO  Car - Speed:   0.0; Angle:   EAST; Position:  8,12; Parcels:      1; Health: 160.0; Health Usage: 275.0; Fuel:  76.0; Tile: ROAD
2019-05-25 17:18:16 INFO  Car - Speed:   0.0; Angle:   EAST; Position:  8,12; Parcels:      1; Health: 160.0; Health Usage: 275.0; Fuel:  76.0; Tile: ROAD
2019-05-25 17:18:16 INFO  Car - Speed:   0.0; Angle:   EAST; Position:  8,12; Parcels:      1; Health: 160.0; Health Usage: 275.0; Fuel:  76.0; Tile: ROAD
2019-05-25 17:18:16 INFO  Car - Speed:   0.0; Angle:   EAST; Position:  8,12; Parcels:      1; Health: 155.0; Health Usage: 275.0; Fuel:  75.0; Tile: ROAD
2019-05-25 17:18:17 INFO  Car - Speed:   0.0; Angle:   EAST; Position:  8,12; Parcels:      1; Health: 155.0; Health Usage: 275.0; Fuel:  75.0; Tile: ROAD
2019-05-25 17:18:17 INFO  Car - Speed:   0.0; Angle:   EAST; Position:  8,12; Parcels:      1; Health: 155.0; Health Usage: 275.0; Fuel:  75.0; Tile: ROAD
2019-05-25 17:18:17 INFO  Car - Speed:   0.0; Angle:   EAST; Position:  8,12; Parcels:      1; Health: 155.0; Health Usage: 275.0; Fuel:  75.0; Tile: ROAD
2019-05-25 17:18:17 INFO  Car - Speed:   0.0; Angle:   EAST; Position:  8,12; Parcels:      1; Health: 155.0; Health Usage: 275.0; Fuel:  75.0; Tile: ROAD
2019-05-25 17:18:18 INFO  Car - Speed:   0.0; Angle:   EAST; Position:  8,12; Parcels:      1; Health: 155.0; Health Usage: 275.0; Fuel:  75.0; Tile: ROAD
2019-05-25 17:18:18 INFO  Car - Speed:   0.0; Angle:   EAST; Position:  8,12; Parcels:      1; Health: 155.0; Health Usage: 275.0; Fuel:  75.0; Tile: ROAD
2019-05-25 17:18:18 INFO  Car - Speed:   0.0; Angle:   EAST; Position:  8,12; Parcels:      1; Health: 155.0; Health Usage: 275.0; Fuel:  75.0; Tile: ROAD
2019-05-25 17:18:18 INFO  Car - Speed:   0.0; Angle:   EAST; Position:  8,12; Parcels:      1; Health: 155.0; Health Usage: 275.0; Fuel:  75.0; Tile: ROAD
2019-05-25 17:18:19 INFO  Car - Speed:   0.0; Angle:   EAST; Position:  8,12; Parcels:      1; Health: 155.0; Health Usage: 275.0; Fuel:  75.0; Tile: ROAD
2019-05-25 17:18:19 INFO  Car - Speed:   0.0; Angle:   EAST; Position:  8,12; Parcels:      1; Health: 150.0; Health Usage: 275.0; Fuel:  74.0; Tile: ROAD
2019-05-25 17:18:19 INFO  Car - Speed:   0.0; Angle:   EAST; Position:  8,12; Parcels:      1; Health: 150.0; Health Usage: 275.0; Fuel:  74.0; Tile: ROAD
2019-05-25 17:18:19 INFO  Car - Speed:   0.0; Angle:   EAST; Position:  8,12; Parcels:      1; Health: 150.0; Health Usage: 275.0; Fuel:  74.0; Tile: ROAD
2019-05-25 17:18:20 INFO  Car - Speed:   0.0; Angle:   EAST; Position:  8,12; Parcels:      1; Health: 150.0; Health Usage: 275.0; Fuel:  74.0; Tile: ROAD
2019-05-25 17:18:20 INFO  Car - Speed:   0.0; Angle:   EAST; Position:  8,12; Parcels:      1; Health: 150.0; Health Usage: 275.0; Fuel:  74.0; Tile: ROAD
2019-05-25 17:18:20 INFO  Car - Speed:   0.0; Angle:   EAST; Position:  8,12; Parcels:      1; Health: 150.0; Health Usage: 275.0; Fuel:  74.0; Tile: ROAD
2019-05-25 17:18:20 INFO  Car - Speed:   0.0; Angle:   EAST; Position:  8,12; Parcels:      1; Health: 150.0; Health Usage: 275.0; Fuel:  74.0; Tile: ROAD
2019-05-25 17:18:21 INFO  Car - Speed:   0.0; Angle:   EAST; Position:  8,12; Parcels:      1; Health: 150.0; Health Usage: 275.0; Fuel:  74.0; Tile: ROAD
2019-05-25 17:18:21 INFO  Car - Speed:   1.0; Angle:   EAST; Position:  7,12; Parcels:      1; Health: 150.0; Health Usage: 275.0; Fuel:  73.0; Tile: ROAD
2019-05-25 17:18:21 INFO  Car - Speed:   0.0; Angle:   EAST; Position:  7,12; Parcels:      1; Health: 145.0; Health Usage: 275.0; Fuel:  72.0; Tile: ROAD
2019-05-25 17:18:21 INFO  Car - Speed:   0.0; Angle:   EAST; Position:  7,12; Parcels:      1; Health: 145.0; Health Usage: 275.0; Fuel:  72.0; Tile: ROAD
2019-05-25 17:18:22 INFO  Car - Speed:   0.0; Angle:   EAST; Position:  7,12; Parcels:      1; Health: 145.0; Health Usage: 275.0; Fuel:  72.0; Tile: ROAD
2019-05-25 17:18:22 INFO  Car - Speed:   0.0; Angle:   EAST; Position:  7,12; Parcels:      1; Health: 145.0; Health Usage: 275.0; Fuel:  72.0; Tile: ROAD
2019-05-25 17:18:22 INFO  Car - Speed:   0.0; Angle:   EAST; Position:  7,12; Parcels:      1; Health: 145.0; Health Usage: 275.0; Fuel:  72.0; Tile: ROAD
2019-05-25 17:18:22 INFO  Car - Speed:   0.0; Angle:   EAST; Position:  7,12; Parcels:      1; Health: 145.0; Health Usage: 275.0; Fuel:  72.0; Tile: ROAD
2019-05-25 17:18:23 INFO  Car - Speed:   0.0; Angle:   EAST; Position:  7,12; Parcels:      1; Health: 145.0; Health Usage: 275.0; Fuel:  72.0; Tile: ROAD
2019-05-25 17:18:23 INFO  Car - Speed:   0.0; Angle:   EAST; Position:  7,12; Parcels:      1; Health: 145.0; Health Usage: 275.0; Fuel:  72.0; Tile: ROAD
2019-05-25 17:18:23 INFO  Car - Speed:   0.0; Angle:   EAST; Position:  7,12; Parcels:      1; Health: 145.0; Health Usage: 275.0; Fuel:  72.0; Tile: ROAD
2019-05-25 17:18:23 INFO  Car - Speed:   1.0; Angle:   EAST; Position:  8,12; Parcels:      1; Health: 145.0; Health Usage: 275.0; Fuel:  71.0; Tile: ROAD
2019-05-25 17:18:24 INFO  Car - Speed:   1.0; Angle:  SOUTH; Position:  8,11; Parcels:      1; Health: 145.0; Health Usage: 275.0; Fuel:  70.0; Tile: ROAD
2019-05-25 17:18:24 INFO  Car - Speed:   1.0; Angle:  SOUTH; Position:  8,10; Parcels:      1; Health: 145.0; Health Usage: 275.0; Fuel:  69.0; Tile: ROAD
2019-05-25 17:18:24 INFO  Car - Speed:   1.0; Angle:  SOUTH; Position:   8,9; Parcels:      1; Health: 145.0; Health Usage: 275.0; Fuel:  68.0; Tile: ROAD
2019-05-25 17:18:24 INFO  Car - Speed:   1.0; Angle:  SOUTH; Position:   8,8; Parcels:      1; Health: 145.0; Health Usage: 275.0; Fuel:  67.0; Tile: ROAD
2019-05-25 17:18:25 INFO  Car - Speed:   1.0; Angle:  SOUTH; Position:   8,7; Parcels:      1; Health: 145.0; Health Usage: 275.0; Fuel:  66.0; Tile: ROAD
2019-05-25 17:18:25 INFO  Car - Speed:   1.0; Angle:  SOUTH; Position:   8,6; Parcels:      1; Health: 145.0; Health Usage: 275.0; Fuel:  65.0; Tile: ROAD
2019-05-25 17:18:25 INFO  Car - Speed:   1.0; Angle:  SOUTH; Position:   8,5; Parcels:      1; Health: 145.0; Health Usage: 275.0; Fuel:  64.0; Tile: ROAD
2019-05-25 17:18:25 INFO  Car - Speed:   1.0; Angle:  SOUTH; Position:   8,4; Parcels:      1; Health: 145.0; Health Usage: 275.0; Fuel:  63.0; Tile: ROAD
2019-05-25 17:18:26 INFO  Car - Speed:   1.0; Angle:  SOUTH; Position:   8,3; Parcels:      1; Health: 145.0; Health Usage: 275.0; Fuel:  62.0; Tile: ROAD
2019-05-25 17:18:26 INFO  Car - Speed:   1.0; Angle:  SOUTH; Position:   8,2; Parcels:      1; Health: 145.0; Health Usage: 275.0; Fuel:  61.0; Tile: ROAD
2019-05-25 17:18:26 INFO  Car - Speed:   0.0; Angle:  SOUTH; Position:   8,2; Parcels:      1; Health: 140.0; Health Usage: 275.0; Fuel:  60.0; Tile: ROAD
2019-05-25 17:18:26 INFO  Car - Speed:   0.0; Angle:  SOUTH; Position:   8,2; Parcels:      1; Health: 140.0; Health Usage: 275.0; Fuel:  60.0; Tile: ROAD
2019-05-25 17:18:27 INFO  Car - Speed:   0.0; Angle:  SOUTH; Position:   8,2; Parcels:      1; Health: 140.0; Health Usage: 275.0; Fuel:  60.0; Tile: ROAD
2019-05-25 17:18:27 INFO  Car - Speed:   0.0; Angle:  SOUTH; Position:   8,2; Parcels:      1; Health: 140.0; Health Usage: 275.0; Fuel:  60.0; Tile: ROAD
2019-05-25 17:18:27 INFO  Car - Speed:   0.0; Angle:  SOUTH; Position:   8,2; Parcels:      1; Health: 140.0; Health Usage: 275.0; Fuel:  60.0; Tile: ROAD
2019-05-25 17:18:27 INFO  Car - Speed:   0.0; Angle:  SOUTH; Position:   8,2; Parcels:      1; Health: 140.0; Health Usage: 275.0; Fuel:  60.0; Tile: ROAD
2019-05-25 17:18:28 INFO  Car - Speed:   0.0; Angle:  SOUTH; Position:   8,2; Parcels:      1; Health: 140.0; Health Usage: 275.0; Fuel:  60.0; Tile: ROAD
2019-05-25 17:18:28 INFO  Car - Speed:   0.0; Angle:  SOUTH; Position:   8,2; Parcels:      1; Health: 140.0; Health Usage: 275.0; Fuel:  60.0; Tile: ROAD
2019-05-25 17:18:28 INFO  Car - Speed:   0.0; Angle:  SOUTH; Position:   8,2; Parcels:      1; Health: 140.0; Health Usage: 275.0; Fuel:  60.0; Tile: ROAD
2019-05-25 17:18:28 INFO  Car - Speed:   0.0; Angle:  SOUTH; Position:   8,2; Parcels:      1; Health: 140.0; Health Usage: 275.0; Fuel:  60.0; Tile: ROAD
2019-05-25 17:18:29 INFO  Car - Speed:   0.0; Angle:  SOUTH; Position:   8,2; Parcels:      1; Health: 140.0; Health Usage: 275.0; Fuel:  60.0; Tile: ROAD
2019-05-25 17:18:29 INFO  Car - Speed:   0.0; Angle:  SOUTH; Position:   8,2; Parcels:      1; Health: 140.0; Health Usage: 275.0; Fuel:  60.0; Tile: ROAD
2019-05-25 17:18:29 INFO  Car - Speed:   1.0; Angle:  SOUTH; Position:   8,3; Parcels:      1; Health: 140.0; Health Usage: 275.0; Fuel:  59.0; Tile: ROAD
2019-05-25 17:18:29 INFO  Car - Speed:   1.0; Angle:  SOUTH; Position:   8,4; Parcels:      1; Health: 140.0; Health Usage: 275.0; Fuel:  58.0; Tile: ROAD
2019-05-25 17:18:30 INFO  Car - Speed:   1.0; Angle:  SOUTH; Position:   8,5; Parcels:      1; Health: 140.0; Health Usage: 275.0; Fuel:  57.0; Tile: ROAD
2019-05-25 17:18:30 INFO  Car - Speed:   1.0; Angle:  SOUTH; Position:   8,6; Parcels:      1; Health: 140.0; Health Usage: 275.0; Fuel:  56.0; Tile: ROAD
2019-05-25 17:18:30 INFO  Car - Speed:   1.0; Angle:  SOUTH; Position:   8,7; Parcels:      1; Health: 140.0; Health Usage: 275.0; Fuel:  55.0; Tile: ROAD
2019-05-25 17:18:30 INFO  Car - Speed:   1.0; Angle:  SOUTH; Position:   8,8; Parcels:      1; Health: 140.0; Health Usage: 275.0; Fuel:  54.0; Tile: ROAD
2019-05-25 17:18:31 INFO  Car - Speed:   1.0; Angle:  SOUTH; Position:   8,9; Parcels:      1; Health: 140.0; Health Usage: 275.0; Fuel:  53.0; Tile: ROAD
2019-05-25 17:18:31 INFO  Car - Speed:   1.0; Angle:  SOUTH; Position:  8,10; Parcels:      1; Health: 140.0; Health Usage: 275.0; Fuel:  52.0; Tile: ROAD
2019-05-25 17:18:31 INFO  Car - Speed:   1.0; Angle:  SOUTH; Position:  8,11; Parcels:      1; Health: 140.0; Health Usage: 275.0; Fuel:  51.0; Tile: ROAD
2019-05-25 17:18:31 INFO  Car - Speed:   1.0; Angle:  SOUTH; Position:  8,12; Parcels:      1; Health: 140.0; Health Usage: 275.0; Fuel:  50.0; Tile: ROAD
2019-05-25 17:18:32 INFO  Car - Speed:   1.0; Angle:  SOUTH; Position:  8,13; Parcels:      1; Health: 140.0; Health Usage: 275.0; Fuel:  49.0; Tile: ROAD
2019-05-25 17:18:32 INFO  Car - Speed:   1.0; Angle:  SOUTH; Position:  8,14; Parcels:      1; Health: 140.0; Health Usage: 275.0; Fuel:  48.0; Tile: ROAD
2019-05-25 17:18:32 INFO  Car - Speed:   1.0; Angle:   EAST; Position:  7,14; Parcels:      1; Health: 140.0; Health Usage: 275.0; Fuel:  47.0; Tile: ROAD
2019-05-25 17:18:32 INFO  Car - Speed:   1.0; Angle:   EAST; Position:  6,14; Parcels:      1; Health: 140.0; Health Usage: 275.0; Fuel:  46.0; Tile: ROAD
2019-05-25 17:18:33 INFO  Car - Speed:   1.0; Angle:   EAST; Position:  5,14; Parcels:      1; Health: 140.0; Health Usage: 275.0; Fuel:  45.0; Tile: ROAD
2019-05-25 17:18:33 INFO  Car - Speed:   1.0; Angle:   EAST; Position:  4,14; Parcels:      1; Health: 140.0; Health Usage: 275.0; Fuel:  44.0; Tile: ROAD
2019-05-25 17:18:33 INFO  Car - Speed:   1.0; Angle:   EAST; Position:  3,14; Parcels:      1; Health: 140.0; Health Usage: 275.0; Fuel:  43.0; Tile: ROAD
2019-05-25 17:18:33 INFO  Car - Speed:   1.0; Angle:   EAST; Position:  2,14; Parcels:      1; Health: 140.0; Health Usage: 275.0; Fuel:  42.0; Tile: ROAD
2019-05-25 17:18:34 INFO  Car - Speed:   1.0; Angle:   EAST; Position:  1,14; Parcels:      1; Health: 140.0; Health Usage: 275.0; Fuel:  41.0; Tile: ROAD
2019-05-25 17:18:34 INFO  Car - Speed:   0.0; Angle:   EAST; Position:  1,14; Parcels:      1; Health: 135.0; Health Usage: 275.0; Fuel:  40.0; Tile: ROAD
2019-05-25 17:18:34 INFO  Car - Speed:   0.0; Angle:   EAST; Position:  1,14; Parcels:      1; Health: 135.0; Health Usage: 275.0; Fuel:  40.0; Tile: ROAD
2019-05-25 17:18:34 INFO  Car - Speed:   0.0; Angle:   EAST; Position:  1,14; Parcels:      1; Health: 135.0; Health Usage: 275.0; Fuel:  40.0; Tile: ROAD
2019-05-25 17:18:35 INFO  Car - Speed:   0.0; Angle:   EAST; Position:  1,14; Parcels:      1; Health: 135.0; Health Usage: 275.0; Fuel:  40.0; Tile: ROAD
2019-05-25 17:18:35 INFO  Car - Speed:   0.0; Angle:   EAST; Position:  1,14; Parcels:      1; Health: 135.0; Health Usage: 275.0; Fuel:  40.0; Tile: ROAD
2019-05-25 17:18:35 INFO  Car - Speed:   1.0; Angle:   EAST; Position:  2,14; Parcels:      1; Health: 135.0; Health Usage: 275.0; Fuel:  39.0; Tile: ROAD
2019-05-25 17:18:35 INFO  Car - Speed:   1.0; Angle:   EAST; Position:  3,14; Parcels:      1; Health: 135.0; Health Usage: 275.0; Fuel:  38.0; Tile: ROAD
2019-05-25 17:18:36 INFO  Car - Speed:   1.0; Angle:   EAST; Position:  4,14; Parcels:      1; Health: 135.0; Health Usage: 275.0; Fuel:  37.0; Tile: ROAD
2019-05-25 17:18:36 INFO  Car - Speed:   1.0; Angle:   EAST; Position:  5,14; Parcels:      1; Health: 135.0; Health Usage: 275.0; Fuel:  36.0; Tile: ROAD
2019-05-25 17:18:36 INFO  Car - Speed:   1.0; Angle:   EAST; Position:  6,14; Parcels:      1; Health: 135.0; Health Usage: 275.0; Fuel:  35.0; Tile: ROAD
2019-05-25 17:18:36 INFO  Car - Speed:   1.0; Angle:   EAST; Position:  7,14; Parcels:      1; Health: 135.0; Health Usage: 275.0; Fuel:  34.0; Tile: ROAD
2019-05-25 17:18:37 INFO  Car - Speed:   0.0; Angle:   EAST; Position:  7,14; Parcels:      1; Health: 135.0; Health Usage: 275.0; Fuel:  34.0; Tile: ROAD
2019-05-25 17:18:37 INFO  Car - Speed:   0.0; Angle:   EAST; Position:  7,14; Parcels:      1; Health: 135.0; Health Usage: 275.0; Fuel:  34.0; Tile: ROAD
2019-05-25 17:18:37 INFO  Car - Speed:   0.0; Angle:   EAST; Position:  7,14; Parcels:      1; Health: 135.0; Health Usage: 275.0; Fuel:  34.0; Tile: ROAD
2019-05-25 17:18:37 INFO  Car - Speed:   0.0; Angle:   EAST; Position:  7,14; Parcels:      1; Health: 135.0; Health Usage: 275.0; Fuel:  34.0; Tile: ROAD
2019-05-25 17:18:38 INFO  Car - Speed:   0.0; Angle:   EAST; Position:  7,14; Parcels:      1; Health: 135.0; Health Usage: 275.0; Fuel:  34.0; Tile: ROAD
2019-05-25 17:18:38 INFO  Car - Speed:   0.0; Angle:   EAST; Position:  7,14; Parcels:      1; Health: 135.0; Health Usage: 275.0; Fuel:  34.0; Tile: ROAD
2019-05-25 17:18:38 INFO  Car - Speed:   0.0; Angle:   EAST; Position:  7,14; Parcels:      1; Health: 135.0; Health Usage: 275.0; Fuel:  34.0; Tile: ROAD
2019-05-25 17:18:38 INFO  Car - Speed:   0.0; Angle:   EAST; Position:  7,14; Parcels:      1; Health: 135.0; Health Usage: 275.0; Fuel:  34.0; Tile: ROAD
2019-05-25 17:18:39 INFO  Car - Speed:   0.0; Angle:   EAST; Position:  7,14; Parcels:      1; Health: 135.0; Health Usage: 275.0; Fuel:  34.0; Tile: ROAD
2019-05-25 17:18:39 INFO  Car - Speed:   0.0; Angle:   EAST; Position:  7,14; Parcels:      1; Health: 135.0; Health Usage: 275.0; Fuel:  34.0; Tile: ROAD
2019-05-25 17:18:39 INFO  Car - Speed:   0.0; Angle:   EAST; Position:  7,14; Parcels:      1; Health: 135.0; Health Usage: 275.0; Fuel:  34.0; Tile: ROAD
2019-05-25 17:18:39 INFO  Car - Speed:   0.0; Angle:   EAST; Position:  7,14; Parcels:      1; Health: 135.0; Health Usage: 275.0; Fuel:  34.0; Tile: ROAD
2019-05-25 17:18:40 INFO  Car - Speed:   0.0; Angle:   EAST; Position:  7,14; Parcels:      1; Health: 135.0; Health Usage: 275.0; Fuel:  34.0; Tile: ROAD
2019-05-25 17:18:40 INFO  Car - Speed:   0.0; Angle:   EAST; Position:  7,14; Parcels:      1; Health: 135.0; Health Usage: 275.0; Fuel:  34.0; Tile: ROAD
2019-05-25 17:18:40 INFO  Car - Speed:   0.0; Angle:   EAST; Position:  7,14; Parcels:      1; Health: 135.0; Health Usage: 275.0; Fuel:  34.0; Tile: ROAD
2019-05-25 17:18:40 INFO  Car - Speed:   0.0; Angle:   EAST; Position:  7,14; Parcels:      1; Health: 135.0; Health Usage: 275.0; Fuel:  34.0; Tile: ROAD
2019-05-25 17:18:41 INFO  Car - Speed:   0.0; Angle:   EAST; Position:  7,14; Parcels:      1; Health: 135.0; Health Usage: 275.0; Fuel:  34.0; Tile: ROAD
2019-05-25 17:18:41 INFO  Car - Speed:   0.0; Angle:   EAST; Position:  7,14; Parcels:      1; Health: 135.0; Health Usage: 275.0; Fuel:  34.0; Tile: ROAD
2019-05-25 17:18:41 INFO  Car - Speed:   0.0; Angle:   EAST; Position:  7,14; Parcels:      1; Health: 135.0; Health Usage: 275.0; Fuel:  34.0; Tile: ROAD
2019-05-25 17:18:41 INFO  Car - Speed:   1.0; Angle:   EAST; Position:  8,14; Parcels:      1; Health: 135.0; Health Usage: 275.0; Fuel:  33.0; Tile: ROAD
2019-05-25 17:18:42 INFO  Car - Speed:   1.0; Angle:   EAST; Position:  9,14; Parcels:      1; Health: 135.0; Health Usage: 275.0; Fuel:  32.0; Tile: ROAD
2019-05-25 17:18:42 INFO  Car - Speed:   1.0; Angle:   EAST; Position: 10,14; Parcels:      1; Health: 135.0; Health Usage: 275.0; Fuel:  31.0; Tile: ROAD
2019-05-25 17:18:42 INFO  Car - Speed:   1.0; Angle:   EAST; Position: 11,14; Parcels:      1; Health: 135.0; Health Usage: 275.0; Fuel:  30.0; Tile: ROAD
2019-05-25 17:18:42 INFO  Car - Speed:   1.0; Angle:   EAST; Position: 12,14; Parcels:      1; Health: 135.0; Health Usage: 275.0; Fuel:  29.0; Tile: ROAD
2019-05-25 17:18:43 INFO  Car - Speed:   1.0; Angle:   EAST; Position: 13,14; Parcels:      1; Health: 135.0; Health Usage: 275.0; Fuel:  28.0; Tile: ROAD
2019-05-25 17:18:43 INFO  Car - Speed:   1.0; Angle:   EAST; Position: 14,14; Parcels:      1; Health: 135.0; Health Usage: 275.0; Fuel:  27.0; Tile: ROAD
2019-05-25 17:18:43 INFO  Car - Speed:   1.0; Angle:   EAST; Position: 15,14; Parcels:      1; Health: 130.0; Health Usage: 275.0; Fuel:  26.0; Tile: TRAP(lava)
2019-05-25 17:18:43 INFO  Car - Speed:   1.0; Angle:   EAST; Position: 16,14; Parcels:      1; Health: 125.0; Health Usage: 275.0; Fuel:  25.0; Tile: TRAP(lava)
2019-05-25 17:18:44 INFO  Car - Speed:   0.0; Angle:   EAST; Position: 16,14; Parcels:      1; Health: 120.0; Health Usage: 275.0; Fuel:  25.0; Tile: TRAP(lava)
2019-05-25 17:18:44 INFO  Car - Speed:   0.0; Angle:   EAST; Position: 16,14; Parcels:      1; Health: 115.0; Health Usage: 275.0; Fuel:  25.0; Tile: TRAP(lava)
2019-05-25 17:18:44 INFO  Car - Speed:   0.0; Angle:   EAST; Position: 16,14; Parcels:      1; Health: 110.0; Health Usage: 275.0; Fuel:  25.0; Tile: TRAP(lava)
2019-05-25 17:18:44 INFO  Car - Speed:   0.0; Angle:   EAST; Position: 16,14; Parcels:      1; Health: 105.0; Health Usage: 275.0; Fuel:  25.0; Tile: TRAP(lava)
2019-05-25 17:18:45 INFO  Car - Speed:   0.0; Angle:   EAST; Position: 16,14; Parcels:      1; Health: 100.0; Health Usage: 275.0; Fuel:  25.0; Tile: TRAP(lava)
2019-05-25 17:18:45 INFO  Car - Speed:   0.0; Angle:   EAST; Position: 16,14; Parcels:      1; Health:  95.0; Health Usage: 275.0; Fuel:  25.0; Tile: TRAP(lava)
2019-05-25 17:18:45 INFO  Car - Speed:   0.0; Angle:   EAST; Position: 16,14; Parcels:      1; Health:  90.0; Health Usage: 275.0; Fuel:  25.0; Tile: TRAP(lava)
2019-05-25 17:18:45 INFO  Car - Speed:   0.0; Angle:   EAST; Position: 16,14; Parcels:      1; Health:  85.0; Health Usage: 275.0; Fuel:  25.0; Tile: TRAP(lava)
2019-05-25 17:18:46 INFO  Car - Speed:   1.0; Angle:   EAST; Position: 17,14; Parcels:      1; Health:  90.0; Health Usage: 280.0; Fuel:  24.0; Tile: ROAD
2019-05-25 17:18:46 INFO  Car - Speed:   1.0; Angle:   EAST; Position: 18,14; Parcels:      1; Health:  95.0; Health Usage: 285.0; Fuel:  23.0; Tile: ROAD
2019-05-25 17:18:46 INFO  Car - Speed:   0.0; Angle:   EAST; Position: 18,14; Parcels:      1; Health:  90.0; Health Usage: 285.0; Fuel:  22.0; Tile: ROAD
2019-05-25 17:18:46 INFO  Car - Speed:   0.0; Angle:   EAST; Position: 18,14; Parcels:      1; Health:  90.0; Health Usage: 285.0; Fuel:  22.0; Tile: ROAD
2019-05-25 17:18:47 INFO  Car - Speed:   0.0; Angle:   EAST; Position: 18,14; Parcels:      1; Health:  90.0; Health Usage: 285.0; Fuel:  22.0; Tile: ROAD
2019-05-25 17:18:47 INFO  Car - Speed:   0.0; Angle:   EAST; Position: 18,14; Parcels:      1; Health:  90.0; Health Usage: 285.0; Fuel:  22.0; Tile: ROAD
2019-05-25 17:18:47 INFO  Car - Speed:   0.0; Angle:   EAST; Position: 18,14; Parcels:      1; Health:  90.0; Health Usage: 285.0; Fuel:  22.0; Tile: ROAD
2019-05-25 17:18:47 INFO  Car - Speed:   1.0; Angle:   EAST; Position: 17,14; Parcels:      1; Health:  90.0; Health Usage: 285.0; Fuel:  21.0; Tile: ROAD
2019-05-25 17:18:48 INFO  Car - Speed:   1.0; Angle:   EAST; Position: 16,14; Parcels:      1; Health:  85.0; Health Usage: 285.0; Fuel:  20.0; Tile: TRAP(lava)
2019-05-25 17:18:48 INFO  Car - Speed:   1.0; Angle:   EAST; Position: 15,14; Parcels:      1; Health:  80.0; Health Usage: 285.0; Fuel:  19.0; Tile: TRAP(lava)
2019-05-25 17:18:48 INFO  Car - Speed:   1.0; Angle:   EAST; Position: 14,14; Parcels:      1; Health:  80.0; Health Usage: 285.0; Fuel:  18.0; Tile: ROAD
2019-05-25 17:18:48 INFO  Car - Speed:   1.0; Angle:   EAST; Position: 13,14; Parcels:      1; Health:  80.0; Health Usage: 285.0; Fuel:  17.0; Tile: ROAD
2019-05-25 17:18:49 INFO  Car - Speed:   1.0; Angle:   EAST; Position: 12,14; Parcels:      1; Health:  80.0; Health Usage: 285.0; Fuel:  16.0; Tile: ROAD
2019-05-25 17:18:49 INFO  Car - Speed:   1.0; Angle:   EAST; Position: 11,14; Parcels:      1; Health:  80.0; Health Usage: 285.0; Fuel:  15.0; Tile: ROAD
2019-05-25 17:18:49 INFO  Car - Speed:   1.0; Angle:   EAST; Position: 10,14; Parcels:      1; Health:  80.0; Health Usage: 285.0; Fuel:  14.0; Tile: ROAD
2019-05-25 17:18:49 INFO  Car - Speed:   1.0; Angle:   EAST; Position:  9,14; Parcels:      1; Health:  80.0; Health Usage: 285.0; Fuel:  13.0; Tile: ROAD
2019-05-25 17:18:50 INFO  Car - Speed:   1.0; Angle:   EAST; Position:  8,14; Parcels:      1; Health:  80.0; Health Usage: 285.0; Fuel:  12.0; Tile: ROAD
2019-05-25 17:18:50 INFO  Car - Speed:   1.0; Angle:   EAST; Position:  7,14; Parcels:      1; Health:  80.0; Health Usage: 285.0; Fuel:  11.0; Tile: ROAD
2019-05-25 17:18:50 INFO  Car - Speed:   1.0; Angle:   EAST; Position:  6,14; Parcels:      1; Health:  80.0; Health Usage: 285.0; Fuel:  10.0; Tile: ROAD
2019-05-25 17:18:50 INFO  Car - Speed:   1.0; Angle:  NORTH; Position:  6,13; Parcels:      1; Health:  80.0; Health Usage: 285.0; Fuel:   9.0; Tile: ROAD
2019-05-25 17:18:51 INFO  Car - Speed:   0.0; Angle:  NORTH; Position:  6,13; Parcels:      1; Health:  75.0; Health Usage: 285.0; Fuel:   8.0; Tile: ROAD
2019-05-25 17:18:51 INFO  Car - Speed:   0.0; Angle:  NORTH; Position:  6,13; Parcels:      1; Health:  75.0; Health Usage: 285.0; Fuel:   8.0; Tile: ROAD
2019-05-25 17:18:51 INFO  Car - Speed:   0.0; Angle:  NORTH; Position:  6,13; Parcels:      1; Health:  75.0; Health Usage: 285.0; Fuel:   8.0; Tile: ROAD
2019-05-25 17:18:51 INFO  Car - Speed:   0.0; Angle:  NORTH; Position:  6,13; Parcels:      1; Health:  75.0; Health Usage: 285.0; Fuel:   8.0; Tile: ROAD
2019-05-25 17:18:52 INFO  Car - Speed:   0.0; Angle:  NORTH; Position:  6,13; Parcels:      1; Health:  75.0; Health Usage: 285.0; Fuel:   8.0; Tile: ROAD
2019-05-25 17:18:52 INFO  Car - Speed:   0.0; Angle:  NORTH; Position:  6,13; Parcels:      1; Health:  75.0; Health Usage: 285.0; Fuel:   8.0; Tile: ROAD
2019-05-25 17:18:52 INFO  Car - Speed:   0.0; Angle:  NORTH; Position:  6,13; Parcels:      1; Health:  75.0; Health Usage: 285.0; Fuel:   8.0; Tile: ROAD
2019-05-25 17:18:52 INFO  Car - Speed:   0.0; Angle:  NORTH; Position:  6,13; Parcels:      1; Health:  75.0; Health Usage: 285.0; Fuel:   8.0; Tile: ROAD
2019-05-25 17:18:53 INFO  Car - Speed:   0.0; Angle:  NORTH; Position:  6,13; Parcels:      1; Health:  75.0; Health Usage: 285.0; Fuel:   8.0; Tile: ROAD
2019-05-25 17:18:53 INFO  Car - Speed:   0.0; Angle:  NORTH; Position:  6,13; Parcels:      1; Health:  75.0; Health Usage: 285.0; Fuel:   8.0; Tile: ROAD
2019-05-25 17:18:53 INFO  Car - Speed:   0.0; Angle:  NORTH; Position:  6,13; Parcels:      1; Health:  75.0; Health Usage: 285.0; Fuel:   8.0; Tile: ROAD
2019-05-25 17:18:53 INFO  Car - Speed:   0.0; Angle:  NORTH; Position:  6,13; Parcels:      1; Health:  75.0; Health Usage: 285.0; Fuel:   8.0; Tile: ROAD
2019-05-25 17:18:54 INFO  Car - Speed:   0.0; Angle:  NORTH; Position:  6,13; Parcels:      1; Health:  75.0; Health Usage: 285.0; Fuel:   8.0; Tile: ROAD
2019-05-25 17:18:54 INFO  Car - Speed:   0.0; Angle:  NORTH; Position:  6,13; Parcels:      1; Health:  75.0; Health Usage: 285.0; Fuel:   8.0; Tile: ROAD
2019-05-25 17:18:54 INFO  Car - Speed:   0.0; Angle:  NORTH; Position:  6,13; Parcels:      1; Health:  75.0; Health Usage: 285.0; Fuel:   8.0; Tile: ROAD
2019-05-25 17:18:54 INFO  Car - Speed:   0.0; Angle:  NORTH; Position:  6,13; Parcels:      1; Health:  75.0; Health Usage: 285.0; Fuel:   8.0; Tile: ROAD
2019-05-25 17:18:55 INFO  Car - Speed:   0.0; Angle:  NORTH; Position:  6,13; Parcels:      1; Health:  75.0; Health Usage: 285.0; Fuel:   8.0; Tile: ROAD
2019-05-25 17:18:55 INFO  Car - Speed:   0.0; Angle:  NORTH; Position:  6,13; Parcels:      1; Health:  70.0; Health Usage: 285.0; Fuel:   7.0; Tile: ROAD
2019-05-25 17:18:55 INFO  Car - Speed:   0.0; Angle:  NORTH; Position:  6,13; Parcels:      1; Health:  70.0; Health Usage: 285.0; Fuel:   7.0; Tile: ROAD
2019-05-25 17:18:55 INFO  Car - Speed:   0.0; Angle:  NORTH; Position:  6,13; Parcels:      1; Health:  70.0; Health Usage: 285.0; Fuel:   7.0; Tile: ROAD
2019-05-25 17:18:56 INFO  Car - Speed:   0.0; Angle:  NORTH; Position:  6,13; Parcels:      1; Health:  70.0; Health Usage: 285.0; Fuel:   7.0; Tile: ROAD
2019-05-25 17:18:56 INFO  Car - Speed:   1.0; Angle:  NORTH; Position:  6,14; Parcels:      1; Health:  70.0; Health Usage: 285.0; Fuel:   6.0; Tile: ROAD
2019-05-25 17:18:56 INFO  Car - Speed:   1.0; Angle:  NORTH; Position:  6,15; Parcels:      1; Health:  70.0; Health Usage: 285.0; Fuel:   5.0; Tile: ROAD
2019-05-25 17:18:56 INFO  Car - Speed:   1.0; Angle:  NORTH; Position:  6,16; Parcels:      1; Health:  70.0; Health Usage: 285.0; Fuel:   4.0; Tile: ROAD
2019-05-25 17:18:57 INFO  Car - Speed:   1.0; Angle:   EAST; Position:  7,16; Parcels:      1; Health:  70.0; Health Usage: 285.0; Fuel:   3.0; Tile: ROAD
2019-05-25 17:18:57 INFO  Car - Speed:   1.0; Angle:   EAST; Position:  8,16; Parcels:      1; Health:  70.0; Health Usage: 285.0; Fuel:   2.0; Tile: ROAD
2019-05-25 17:18:57 INFO  Car - Speed:   1.0; Angle:   EAST; Position:  9,16; Parcels:      1; Health:  70.0; Health Usage: 285.0; Fuel:   1.0; Tile: ROAD
2019-05-25 17:18:57 INFO  Car - Speed:   0.0; Angle:   EAST; Position:  9,16; Parcels:      1; Health:  70.0; Health Usage: 285.0; Fuel:   1.0; Tile: ROAD
2019-05-25 17:18:58 INFO  Car - Speed:   0.0; Angle:   EAST; Position:  9,16; Parcels:      1; Health:  70.0; Health Usage: 285.0; Fuel:   1.0; Tile: ROAD
2019-05-25 17:18:58 INFO  Car - Speed:   0.0; Angle:   EAST; Position:  9,16; Parcels:      1; Health:  70.0; Health Usage: 285.0; Fuel:   1.0; Tile: ROAD
2019-05-25 17:18:58 INFO  Car - Speed:   1.0; Angle:   EAST; Position:  8,16; Parcels:      1; Health:  70.0; Health Usage: 285.0; Fuel:   0.0; Tile: ROAD
